<?xml version="1.0" encoding="UTF-8" standalone="yes"?><!DOCTYPE report PUBLIC "-//JACOCO//DTD Report 1.1//EN" "report.dtd"><report name="ruoyi-system"><sessioninfo id="DESKTOP-HLC-95bb37bd" start="1783511563842" dump="1783511564057"/><sessioninfo id="DESKTOP-HLC-ba604d9c" start="1783511641094" dump="1783511647985"/><sessioninfo id="DESKTOP-HLC-a6477a08" start="1783511867568" dump="1783511875460"/><sessioninfo id="DESKTOP-HLC-272d2b93" start="1783512065675" dump="1783512074028"/><sessioninfo id="DESKTOP-HLC-d73eb1d6" start="1783512105283" dump="1783512113965"/><sessioninfo id="DESKTOP-HLC-a7e66b16" start="1783512226309" dump="1783512234624"/><sessioninfo id="DESKTOP-HLC-6a8b2fd5" start="1783512262021" dump="1783512270460"/><sessioninfo id="DESKTOP-HLC-22f6741a" start="1783512324054" dump="1783512333290"/><sessioninfo id="DESKTOP-HLC-aa35be5" start="1783512620199" dump="1783512633781"/><sessioninfo id="DESKTOP-HLC-ee853e3" start="1783600436761" dump="1783600450296"/><sessioninfo id="DESKTOP-HLC-86d1b21b" start="1783600823495" dump="1783600836214"/><sessioninfo id="DESKTOP-HLC-ec6125a0" start="1783601179189" dump="1783601190670"/><sessioninfo id="DESKTOP-HLC-bb6296ff" start="1783606207255" dump="1783606217272"/><sessioninfo id="DESKTOP-HLC-56977e4e" start="1783609156442" dump="1783609185171"/><sessioninfo id="DESKTOP-HLC-680e5ca0" start="1783862638329" dump="1783862656132"/><sessioninfo id="DESKTOP-HLC-d77f4f2d" start="1783867794844" dump="1783867816661"/><sessioninfo id="DESKTOP-HLC-30fc56b8" start="1783868476657" dump="1783868512804"/><sessioninfo id="DESKTOP-HLC-762c4ecc" start="1783868629384" dump="1783868673199"/><sessioninfo id="DESKTOP-HLC-e3f77337" start="1783869086993" dump="1783869130068"/><sessioninfo id="DESKTOP-HLC-cef42dc" start="1783869273927" dump="1783869304837"/><sessioninfo id="DESKTOP-HLC-15148960" start="1784206498913" dump="1784206509414"/><sessioninfo id="DESKTOP-HLC-65881f5f" start="1784206545075" dump="1784206556497"/><sessioninfo id="DESKTOP-HLC-61ec535b" start="1784207453152" dump="1784207458534"/><sessioninfo id="DESKTOP-HLC-1c075f70" start="1784207582550" dump="1784207588208"/><sessioninfo id="DESKTOP-HLC-da27b887" start="1784207627495" dump="1784207637157"/><sessioninfo id="DESKTOP-HLC-8acddf34" start="1784207810331" dump="1784207819515"/><sessioninfo id="DESKTOP-HLC-4789e1a9" start="1784207961519" dump="1784207970000"/><sessioninfo id="DESKTOP-HLC-e6dac542" start="1784208104385" dump="1784208116925"/><sessioninfo id="DESKTOP-HLC-9b2e0f9b" start="1784210180734" dump="1784210181978"/><sessioninfo id="DESKTOP-HLC-89819e2a" start="1784210265544" dump="1784210267100"/><sessioninfo id="DESKTOP-HLC-bf2837d8" start="1784210319712" dump="1784210329139"/><sessioninfo id="DESKTOP-HLC-bf9c63e9" start="1784211962720" dump="1784211970331"/><sessioninfo id="DESKTOP-HLC-d5880d81" start="1784212067767" dump="1784212077678"/><sessioninfo id="DESKTOP-HLC-b4d6824a" start="1784212174678" dump="1784212185230"/><sessioninfo id="DESKTOP-HLC-bb2d34a1" start="1784213709538" dump="1784213716253"/><sessioninfo id="DESKTOP-HLC-b30d06ab" start="1784213814904" dump="1784213822404"/><sessioninfo id="DESKTOP-HLC-f3112c44" start="1784213872672" dump="1784213880639"/><sessioninfo id="DESKTOP-HLC-766b5d58" start="1784213927206" dump="1784213937766"/><sessioninfo id="DESKTOP-HLC-2abf6150" start="1784214613246" dump="1784214619277"/><sessioninfo id="DESKTOP-HLC-d71a46d7" start="1784214679199" dump="1784214685992"/><sessioninfo id="DESKTOP-HLC-77f11e6" start="1784214726831" dump="1784214735398"/><sessioninfo id="DESKTOP-HLC-a643961d" start="1784289090078" dump="1784289093450"/><sessioninfo id="DESKTOP-HLC-23a3cb38" start="1784289162246" dump="1784289166647"/><sessioninfo id="DESKTOP-HLC-1e5b51b4" start="1784289657880" dump="1784289666322"/><sessioninfo id="DESKTOP-HLC-8967359a" start="1784289711471" dump="1784289720977"/><sessioninfo id="DESKTOP-HLC-2e716c61" start="1784295306749" dump="1784295316510"/><sessioninfo id="DESKTOP-HLC-8120e271" start="1784296518953" dump="1784296529103"/><sessioninfo id="DESKTOP-HLC-608e9c86" start="1784296631634" dump="1784296641701"/><sessioninfo id="DESKTOP-HLC-7e81055" start="1784296703502" dump="1784296725445"/><sessioninfo id="DESKTOP-HLC-7a0db9ff" start="1784296766064" dump="1784296789352"/><sessioninfo id="DESKTOP-HLC-2cbc588b" start="1784297478281" dump="1784297499792"/><sessioninfo id="DESKTOP-HLC-732a98c0" start="1784385089897" dump="1784385113244"/><package name="com/ruoyi/evaluation/mapper"><class name="com/ruoyi/evaluation/mapper/FinalEvaluationMapper" sourcefilename="FinalEvaluationMapper.java"/><class name="com/ruoyi/evaluation/mapper/ActivityVoterMapper" sourcefilename="ActivityVoterMapper.java"/><class name="com/ruoyi/evaluation/mapper/ActivityRangeSettingMapper" sourcefilename="ActivityRangeSettingMapper.java"/><class name="com/ruoyi/evaluation/mapper/CandidateMapper" sourcefilename="CandidateMapper.java"/><class name="com/ruoyi/evaluation/mapper/ExportJobMapper" sourcefilename="ExportJobMapper.java"/><class name="com/ruoyi/evaluation/mapper/ActivityCandidateMapper" sourcefilename="ActivityCandidateMapper.java"/><class name="com/ruoyi/evaluation/mapper/ResultAggMapper" sourcefilename="ResultAggMapper.java"/><class name="com/ruoyi/evaluation/mapper/ActivityMapper" sourcefilename="ActivityMapper.java"/><class name="com/ruoyi/evaluation/mapper/RuleConfigMapper" sourcefilename="RuleConfigMapper.java"/><class name="com/ruoyi/evaluation/mapper/VoterMapper" sourcefilename="VoterMapper.java"/><class name="com/ruoyi/evaluation/mapper/VoteMapper" sourcefilename="VoteMapper.java"/><sourcefile name="VoterMapper.java"/><sourcefile name="CandidateMapper.java"/><sourcefile name="ActivityRangeSettingMapper.java"/><sourcefile name="ActivityVoterMapper.java"/><sourcefile name="FinalEvaluationMapper.java"/><sourcefile name="ActivityCandidateMapper.java"/><sourcefile name="VoteMapper.java"/><sourcefile name="ExportJobMapper.java"/><sourcefile name="ResultAggMapper.java"/><sourcefile name="ActivityMapper.java"/><sourcefile name="RuleConfigMapper.java"/></package><package name="com/ruoyi/system/domain/vo"><class name="com/ruoyi/system/domain/vo/MetaVo" sourcefilename="MetaVo.java"><method name="&lt;init&gt;" desc="()V" line="33"><counter type="INSTRUCTION" missed="3" covered="0"/><counter type="LINE" missed="2" covered="0"/><counter type="COMPLEXITY" missed="1" covered="0"/><counter type="METHOD" missed="1" covered="0"/></method><method name="&lt;init&gt;" desc="(Ljava/lang/String;Ljava/lang/String;)V" line="37"><counter type="INSTRUCTION" missed="9" covered="0"/><counter type="LINE" missed="4" covered="0"/><counter type="COMPLEXITY" missed="1" covered="0"/><counter type="METHOD" missed="1" covered="0"/></method><method name="&lt;init&gt;" desc="(Ljava/lang/String;Ljava/lang/String;Z)V" line="43"><counter type="INSTRUCTION" missed="12" covered="0"/><counter type="LINE" missed="5" covered="0"/><counter type="COMPLEXITY" missed="1" covered="0"/><counter type="METHOD" missed="1" covered="0"/></method><method name="&lt;init&gt;" desc="(Ljava/lang/String;Ljava/lang/String;Ljava/lang/String;)V" line="50"><counter type="INSTRUCTION" missed="12" covered="0"/><counter type="LINE" missed="5" covered="0"/><counter type="COMPLEXITY" missed="1" covered="0"/><counter type="METHOD" missed="1" covered="0"/></method><method name="&lt;init&gt;" desc="(Ljava/lang/String;Ljava/lang/String;ZLjava/lang/String;)V" line="57"><counter type="INSTRUCTION" missed="18" covered="0"/><counter type="BRANCH" missed="2" covered="0"/><counter type="LINE" missed="7" covered="0"/><counter type="COMPLEXITY" missed="2" covered="0"/><counter type="METHOD" missed="1" covered="0"/></method><method name="isNoCache" desc="()Z" line="69"><counter type="INSTRUCTION" missed="3" covered="0"/><counter type="LINE" missed="1" covered="0"/><counter type="COMPLEXITY" missed="1" covered="0"/><counter type="METHOD" missed="1" covered="0"/></method><method name="setNoCache" desc="(Z)V" line="74"><counter type="INSTRUCTION" missed="4" covered="0"/><counter type="LINE" missed="2" covered="0"/><counter type="COMPLEXITY" missed="1" covered="0"/><counter type="METHOD" missed="1" covered="0"/></method><method name="getTitle" desc="()Ljava/lang/String;" line="79"><counter type="INSTRUCTION" missed="3" covered="0"/><counter type="LINE" missed="1" covered="0"/><counter type="COMPLEXITY" missed="1" covered="0"/><counter type="METHOD" missed="1" covered="0"/></method><method name="setTitle" desc="(Ljava/lang/String;)V" line="84"><counter type="INSTRUCTION" missed="4" covered="0"/><counter type="LINE" missed="2" covered="0"/><counter type="COMPLEXITY" missed="1" covered="0"/><counter type="METHOD" missed="1" covered="0"/></method><method name="getIcon" desc="()Ljava/lang/String;" line="89"><counter type="INSTRUCTION" missed="3" covered="0"/><counter type="LINE" missed="1" covered="0"/><counter type="COMPLEXITY" missed="1" covered="0"/><counter type="METHOD" missed="1" covered="0"/></method><method name="setIcon" desc="(Ljava/lang/String;)V" line="94"><counter type="INSTRUCTION" missed="4" covered="0"/><counter type="LINE" missed="2" covered="0"/><counter type="COMPLEXITY" missed="1" covered="0"/><counter type="METHOD" missed="1" covered="0"/></method><method name="getLink" desc="()Ljava/lang/String;" line="99"><counter type="INSTRUCTION" missed="3" covered="0"/><counter type="LINE" missed="1" covered="0"/><counter type="COMPLEXITY" missed="1" covered="0"/><counter type="METHOD" missed="1" covered="0"/></method><method name="setLink" desc="(Ljava/lang/String;)V" line="104"><counter type="INSTRUCTION" missed="4" covered="0"/><counter type="LINE" missed="2" covered="0"/><counter type="COMPLEXITY" missed="1" covered="0"/><counter type="METHOD" missed="1" covered="0"/></method><counter type="INSTRUCTION" missed="82" covered="0"/><counter type="BRANCH" missed="2" covered="0"/><counter type="LINE" missed="35" covered="0"/><counter type="COMPLEXITY" missed="14" covered="0"/><counter type="METHOD" missed="13" covered="0"/><counter type="CLASS" missed="1" covered="0"/></class><class name="com/ruoyi/system/domain/vo/RouterVo" sourcefilename="RouterVo.java"><method name="&lt;init&gt;" desc="()V" line="12"><counter type="INSTRUCTION" missed="3" covered="0"/><counter type="LINE" missed="1" covered="0"/><counter type="COMPLEXITY" missed="1" covered="0"/><counter type="METHOD" missed="1" covered="0"/></method><method name="getName" desc="()Ljava/lang/String;" line="61"><counter type="INSTRUCTION" missed="3" covered="0"/><counter type="LINE" missed="1" covered="0"/><counter type="COMPLEXITY" missed="1" covered="0"/><counter type="METHOD" missed="1" covered="0"/></method><method name="setName" desc="(Ljava/lang/String;)V" line="66"><counter type="INSTRUCTION" missed="4" covered="0"/><counter type="LINE" missed="2" covered="0"/><counter type="COMPLEXITY" missed="1" covered="0"/><counter type="METHOD" missed="1" covered="0"/></method><method name="getPath" desc="()Ljava/lang/String;" line="71"><counter type="INSTRUCTION" missed="3" covered="0"/><counter type="LINE" missed="1" covered="0"/><counter type="COMPLEXITY" missed="1" covered="0"/><counter type="METHOD" missed="1" covered="0"/></method><method name="setPath" desc="(Ljava/lang/String;)V" line="76"><counter type="INSTRUCTION" missed="4" covered="0"/><counter type="LINE" missed="2" covered="0"/><counter type="COMPLEXITY" missed="1" covered="0"/><counter type="METHOD" missed="1" covered="0"/></method><method name="getHidden" desc="()Z" line="81"><counter type="INSTRUCTION" missed="3" covered="0"/><counter type="LINE" missed="1" covered="0"/><counter type="COMPLEXITY" missed="1" covered="0"/><counter type="METHOD" missed="1" covered="0"/></method><method name="setHidden" desc="(Z)V" line="86"><counter type="INSTRUCTION" missed="4" covered="0"/><counter type="LINE" missed="2" covered="0"/><counter type="COMPLEXITY" missed="1" covered="0"/><counter type="METHOD" missed="1" covered="0"/></method><method name="getRedirect" desc="()Ljava/lang/String;" line="91"><counter type="INSTRUCTION" missed="3" covered="0"/><counter type="LINE" missed="1" covered="0"/><counter type="COMPLEXITY" missed="1" covered="0"/><counter type="METHOD" missed="1" covered="0"/></method><method name="setRedirect" desc="(Ljava/lang/String;)V" line="96"><counter type="INSTRUCTION" missed="4" covered="0"/><counter type="LINE" missed="2" covered="0"/><counter type="COMPLEXITY" missed="1" covered="0"/><counter type="METHOD" missed="1" covered="0"/></method><method name="getComponent" desc="()Ljava/lang/String;" line="101"><counter type="INSTRUCTION" missed="3" covered="0"/><counter type="LINE" missed="1" covered="0"/><counter type="COMPLEXITY" missed="1" covered="0"/><counter type="METHOD" missed="1" covered="0"/></method><method name="setComponent" desc="(Ljava/lang/String;)V" line="106"><counter type="INSTRUCTION" missed="4" covered="0"/><counter type="LINE" missed="2" covered="0"/><counter type="COMPLEXITY" missed="1" covered="0"/><counter type="METHOD" missed="1" covered="0"/></method><method name="getQuery" desc="()Ljava/lang/String;" line="111"><counter type="INSTRUCTION" missed="3" covered="0"/><counter type="LINE" missed="1" covered="0"/><counter type="COMPLEXITY" missed="1" covered="0"/><counter type="METHOD" missed="1" covered="0"/></method><method name="setQuery" desc="(Ljava/lang/String;)V" line="116"><counter type="INSTRUCTION" missed="4" covered="0"/><counter type="LINE" missed="2" covered="0"/><counter type="COMPLEXITY" missed="1" covered="0"/><counter type="METHOD" missed="1" covered="0"/></method><method name="getAlwaysShow" desc="()Ljava/lang/Boolean;" line="121"><counter type="INSTRUCTION" missed="3" covered="0"/><counter type="LINE" missed="1" covered="0"/><counter type="COMPLEXITY" missed="1" covered="0"/><counter type="METHOD" missed="1" covered="0"/></method><method name="setAlwaysShow" desc="(Ljava/lang/Boolean;)V" line="126"><counter type="INSTRUCTION" missed="4" covered="0"/><counter type="LINE" missed="2" covered="0"/><counter type="COMPLEXITY" missed="1" covered="0"/><counter type="METHOD" missed="1" covered="0"/></method><method name="getMeta" desc="()Lcom/ruoyi/system/domain/vo/MetaVo;" line="131"><counter type="INSTRUCTION" missed="3" covered="0"/><counter type="LINE" missed="1" covered="0"/><counter type="COMPLEXITY" missed="1" covered="0"/><counter type="METHOD" missed="1" covered="0"/></method><method name="setMeta" desc="(Lcom/ruoyi/system/domain/vo/MetaVo;)V" line="136"><counter type="INSTRUCTION" missed="4" covered="0"/><counter type="LINE" missed="2" covered="0"/><counter type="COMPLEXITY" missed="1" covered="0"/><counter type="METHOD" missed="1" covered="0"/></method><method name="getChildren" desc="()Ljava/util/List;" line="141"><counter type="INSTRUCTION" missed="3" covered="0"/><counter type="LINE" missed="1" covered="0"/><counter type="COMPLEXITY" missed="1" covered="0"/><counter type="METHOD" missed="1" covered="0"/></method><method name="setChildren" desc="(Ljava/util/List;)V" line="146"><counter type="INSTRUCTION" missed="4" covered="0"/><counter type="LINE" missed="2" covered="0"/><counter type="COMPLEXITY" missed="1" covered="0"/><counter type="METHOD" missed="1" covered="0"/></method><counter type="INSTRUCTION" missed="66" covered="0"/><counter type="LINE" missed="28" covered="0"/><counter type="COMPLEXITY" missed="19" covered="0"/><counter type="METHOD" missed="19" covered="0"/><counter type="CLASS" missed="1" covered="0"/></class><sourcefile name="RouterVo.java"><line nr="12" mi="3" ci="0" mb="0" cb="0"/><line nr="61" mi="3" ci="0" mb="0" cb="0"/><line nr="66" mi="3" ci="0" mb="0" cb="0"/><line nr="67" mi="1" ci="0" mb="0" cb="0"/><line nr="71" mi="3" ci="0" mb="0" cb="0"/><line nr="76" mi="3" ci="0" mb="0" cb="0"/><line nr="77" mi="1" ci="0" mb="0" cb="0"/><line nr="81" mi="3" ci="0" mb="0" cb="0"/><line nr="86" mi="3" ci="0" mb="0" cb="0"/><line nr="87" mi="1" ci="0" mb="0" cb="0"/><line nr="91" mi="3" ci="0" mb="0" cb="0"/><line nr="96" mi="3" ci="0" mb="0" cb="0"/><line nr="97" mi="1" ci="0" mb="0" cb="0"/><line nr="101" mi="3" ci="0" mb="0" cb="0"/><line nr="106" mi="3" ci="0" mb="0" cb="0"/><line nr="107" mi="1" ci="0" mb="0" cb="0"/><line nr="111" mi="3" ci="0" mb="0" cb="0"/><line nr="116" mi="3" ci="0" mb="0" cb="0"/><line nr="117" mi="1" ci="0" mb="0" cb="0"/><line nr="121" mi="3" ci="0" mb="0" cb="0"/><line nr="126" mi="3" ci="0" mb="0" cb="0"/><line nr="127" mi="1" ci="0" mb="0" cb="0"/><line nr="131" mi="3" ci="0" mb="0" cb="0"/><line nr="136" mi="3" ci="0" mb="0" cb="0"/><line nr="137" mi="1" ci="0" mb="0" cb="0"/><line nr="141" mi="3" ci="0" mb="0" cb="0"/><line nr="146" mi="3" ci="0" mb="0" cb="0"/><line nr="147" mi="1" ci="0" mb="0" cb="0"/><counter type="INSTRUCTION" missed="66" covered="0"/><counter type="LINE" missed="28" covered="0"/><counter type="COMPLEXITY" missed="19" covered="0"/><counter type="METHOD" missed="19" covered="0"/><counter type="CLASS" missed="1" covered="0"/></sourcefile><sourcefile name="MetaVo.java"><line nr="33" mi="2" ci="0" mb="0" cb="0"/><line nr="34" mi="1" ci="0" mb="0" cb="0"/><line nr="37" mi="2" ci="0" mb="0" cb="0"/><line nr="38" mi="3" ci="0" mb="0" cb="0"/><line nr="39" mi="3" ci="0" mb="0" cb="0"/><line nr="40" mi="1" ci="0" mb="0" cb="0"/><line nr="43" mi="2" ci="0" mb="0" cb="0"/><line nr="44" mi="3" ci="0" mb="0" cb="0"/><line nr="45" mi="3" ci="0" mb="0" cb="0"/><line nr="46" mi="3" ci="0" mb="0" cb="0"/><line nr="47" mi="1" ci="0" mb="0" cb="0"/><line nr="50" mi="2" ci="0" mb="0" cb="0"/><line nr="51" mi="3" ci="0" mb="0" cb="0"/><line nr="52" mi="3" ci="0" mb="0" cb="0"/><line nr="53" mi="3" ci="0" mb="0" cb="0"/><line nr="54" mi="1" ci="0" mb="0" cb="0"/><line nr="57" mi="2" ci="0" mb="0" cb="0"/><line nr="58" mi="3" ci="0" mb="0" cb="0"/><line nr="59" mi="3" ci="0" mb="0" cb="0"/><line nr="60" mi="3" ci="0" mb="0" cb="0"/><line nr="61" mi="3" ci="0" mb="2" cb="0"/><line nr="63" mi="3" ci="0" mb="0" cb="0"/><line nr="65" mi="1" ci="0" mb="0" cb="0"/><line nr="69" mi="3" ci="0" mb="0" cb="0"/><line nr="74" mi="3" ci="0" mb="0" cb="0"/><line nr="75" mi="1" ci="0" mb="0" cb="0"/><line nr="79" mi="3" ci="0" mb="0" cb="0"/><line nr="84" mi="3" ci="0" mb="0" cb="0"/><line nr="85" mi="1" ci="0" mb="0" cb="0"/><line nr="89" mi="3" ci="0" mb="0" cb="0"/><line nr="94" mi="3" ci="0" mb="0" cb="0"/><line nr="95" mi="1" ci="0" mb="0" cb="0"/><line nr="99" mi="3" ci="0" mb="0" cb="0"/><line nr="104" mi="3" ci="0" mb="0" cb="0"/><line nr="105" mi="1" ci="0" mb="0" cb="0"/><counter type="INSTRUCTION" missed="82" covered="0"/><counter type="BRANCH" missed="2" covered="0"/><counter type="LINE" missed="35" covered="0"/><counter type="COMPLEXITY" missed="14" covered="0"/><counter type="METHOD" missed="13" covered="0"/><counter type="CLASS" missed="1" covered="0"/></sourcefile><counter type="INSTRUCTION" missed="148" covered="0"/><counter type="BRANCH" missed="2" covered="0"/><counter type="LINE" missed="63" covered="0"/><counter type="COMPLEXITY" missed="33" covered="0"/><counter type="METHOD" missed="32" covered="0"/><counter type="CLASS" missed="2" covered="0"/></package><package name="com/ruoyi/system/mapper"><class name="com/ruoyi/system/mapper/SysRoleMenuMapper" sourcefilename="SysRoleMenuMapper.java"/><class name="com/ruoyi/system/mapper/SysNoticeMapper" sourcefilename="SysNoticeMapper.java"/><class name="com/ruoyi/system/mapper/SysNoticeReadMapper" sourcefilename="SysNoticeReadMapper.java"/><class name="com/ruoyi/system/mapper/SysPostMapper" sourcefilename="SysPostMapper.java"/><class name="com/ruoyi/system/mapper/SysOperLogMapper" sourcefilename="SysOperLogMapper.java"/><class name="com/ruoyi/system/mapper/SysLogininforMapper" sourcefilename="SysLogininforMapper.java"/><class name="com/ruoyi/system/mapper/SysUserPostMapper" sourcefilename="SysUserPostMapper.java"/><class name="com/ruoyi/system/mapper/SysDeptMapper" sourcefilename="SysDeptMapper.java"/><class name="com/ruoyi/system/mapper/SysConfigMapper" sourcefilename="SysConfigMapper.java"/><class name="com/ruoyi/system/mapper/SysRoleMapper" sourcefilename="SysRoleMapper.java"/><class name="com/ruoyi/system/mapper/SysUserMapper" sourcefilename="SysUserMapper.java"/><class name="com/ruoyi/system/mapper/SysUserRoleMapper" sourcefilename="SysUserRoleMapper.java"/><class name="com/ruoyi/system/mapper/SysMenuMapper" sourcefilename="SysMenuMapper.java"/><class name="com/ruoyi/system/mapper/SysDictDataMapper" sourcefilename="SysDictDataMapper.java"/><class name="com/ruoyi/system/mapper/SysDictTypeMapper" sourcefilename="SysDictTypeMapper.java"/><class name="com/ruoyi/system/mapper/SysRoleDeptMapper" sourcefilename="SysRoleDeptMapper.java"/><sourcefile name="SysDeptMapper.java"/><sourcefile name="SysRoleMapper.java"/><sourcefile name="SysOperLogMapper.java"/><sourcefile name="SysNoticeMapper.java"/><sourcefile name="SysUserPostMapper.java"/><sourcefile name="SysMenuMapper.java"/><sourcefile name="SysDictDataMapper.java"/><sourcefile name="SysUserRoleMapper.java"/><sourcefile name="SysLogininforMapper.java"/><sourcefile name="SysNoticeReadMapper.java"/><sourcefile name="SysConfigMapper.java"/><sourcefile name="SysPostMapper.java"/><sourcefile name="SysDictTypeMapper.java"/><sourcefile name="SysRoleDeptMapper.java"/><sourcefile name="SysRoleMenuMapper.java"/><sourcefile name="SysUserMapper.java"/></package><package name="com/ruoyi/evaluation/support"><class name="com/ruoyi/evaluation/support/EvaluationTitleUtils" sourcefilename="EvaluationTitleUtils.java"><method name="normalizeAppliedLevel" desc="(Ljava/lang/String;)Ljava/lang/String;" line="18"><counter type="INSTRUCTION" missed="4" covered="105"/><counter type="BRANCH" missed="2" covered="10"/><counter type="LINE" missed="2" covered="12"/><counter type="COMPLEXITY" missed="2" covered="5"/><counter type="METHOD" missed="0" covered="1"/></method><method name="isVotingLevel" desc="(Ljava/lang/String;)Z" line="48"><counter type="INSTRUCTION" missed="15" covered="0"/><counter type="BRANCH" missed="4" covered="0"/><counter type="LINE" missed="2" covered="0"/><counter type="COMPLEXITY" missed="3" covered="0"/><counter type="METHOD" missed="1" covered="0"/></method><method name="isAutoPassLevel" desc="(Ljava/lang/String;)Z" line="54"><counter type="INSTRUCTION" missed="0" covered="15"/><counter type="BRANCH" missed="0" covered="4"/><counter type="LINE" missed="0" covered="2"/><counter type="COMPLEXITY" missed="0" covered="3"/><counter type="METHOD" missed="0" covered="1"/></method><method name="levelRank" desc="(Ljava/lang/String;)I" line="60"><counter type="INSTRUCTION" missed="2" covered="27"/><counter type="BRANCH" missed="1" covered="7"/><counter type="LINE" missed="1" covered="9"/><counter type="COMPLEXITY" missed="1" covered="4"/><counter type="METHOD" missed="0" covered="1"/></method><method name="containsAny" desc="(Ljava/lang/String;[Ljava/lang/String;)Z" line="82"><counter type="INSTRUCTION" missed="0" covered="24"/><counter type="BRANCH" missed="0" covered="4"/><counter type="LINE" missed="0" covered="4"/><counter type="COMPLEXITY" missed="0" covered="3"/><counter type="METHOD" missed="0" covered="1"/></method><method name="normalize" desc="(Ljava/lang/String;)Ljava/lang/String;" line="94"><counter type="INSTRUCTION" missed="2" covered="8"/><counter type="BRANCH" missed="1" covered="1"/><counter type="LINE" missed="0" covered="1"/><counter type="COMPLEXITY" missed="1" covered="1"/><counter type="METHOD" missed="0" covered="1"/></method><counter type="INSTRUCTION" missed="23" covered="179"/><counter type="BRANCH" missed="8" covered="26"/><counter type="LINE" missed="5" covered="28"/><counter type="COMPLEXITY" missed="7" covered="16"/><counter type="METHOD" missed="1" covered="5"/><counter type="CLASS" missed="0" covered="1"/></class><sourcefile name="EvaluationTitleUtils.java"><line nr="18" mi="0" ci="3" mb="0" cb="0"/><line nr="19" mi="0" ci="3" mb="1" cb="1"/><line nr="21" mi="2" ci="0" mb="0" cb="0"/><line nr="23" mi="0" ci="13" mb="1" cb="1"/><line nr="25" mi="2" ci="0" mb="0" cb="0"/><line nr="27" mi="0" ci="25" mb="0" cb="2"/><line nr="29" mi="0" ci="2" mb="0" cb="0"/><line nr="31" mi="0" ci="21" mb="0" cb="2"/><line nr="33" mi="0" ci="2" mb="0" cb="0"/><line nr="35" mi="0" ci="13" mb="0" cb="2"/><line nr="37" mi="0" ci="2" mb="0" cb="0"/><line nr="39" mi="0" ci="17" mb="0" cb="2"/><line nr="41" mi="0" ci="2" mb="0" cb="0"/><line nr="43" mi="0" ci="2" mb="0" cb="0"/><line nr="48" mi="3" ci="0" mb="0" cb="0"/><line nr="49" mi="12" ci="0" mb="4" cb="0"/><line nr="54" mi="0" ci="3" mb="0" cb="0"/><line nr="55" mi="0" ci="12" mb="0" cb="4"/><line nr="60" mi="0" ci="3" mb="0" cb="0"/><line nr="61" mi="0" ci="4" mb="0" cb="2"/><line nr="63" mi="0" ci="2" mb="0" cb="0"/><line nr="65" mi="0" ci="4" mb="0" cb="2"/><line nr="67" mi="0" ci="2" mb="0" cb="0"/><line nr="69" mi="0" ci="4" mb="0" cb="2"/><line nr="71" mi="0" ci="2" mb="0" cb="0"/><line nr="73" mi="0" ci="4" mb="1" cb="1"/><line nr="75" mi="0" ci="2" mb="0" cb="0"/><line nr="77" mi="2" ci="0" mb="0" cb="0"/><line nr="82" mi="0" ci="16" mb="0" cb="2"/><line nr="84" mi="0" ci="4" mb="0" cb="2"/><line nr="86" mi="0" ci="2" mb="0" cb="0"/><line nr="89" mi="0" ci="2" mb="0" cb="0"/><line nr="94" mi="2" ci="8" mb="1" cb="1"/><counter type="INSTRUCTION" missed="23" covered="179"/><counter type="BRANCH" missed="8" covered="26"/><counter type="LINE" missed="5" covered="28"/><counter type="COMPLEXITY" missed="7" covered="16"/><counter type="METHOD" missed="1" covered="5"/><counter type="CLASS" missed="0" covered="1"/></sourcefile><counter type="INSTRUCTION" missed="23" covered="179"/><counter type="BRANCH" missed="8" covered="26"/><counter type="LINE" missed="5" covered="28"/><counter type="COMPLEXITY" missed="7" covered="16"/><counter type="METHOD" missed="1" covered="5"/><counter type="CLASS" missed="0" covered="1"/></package><package name="com/ruoyi/evaluation/service/impl"><class name="com/ruoyi/evaluation/service/impl/ResultAggServiceImpl$ResultRow" sourcefilename="ResultAggServiceImpl.java"/><class name="com/ruoyi/evaluation/service/impl/ResultAggServiceImpl" sourcefilename="ResultAggServiceImpl.java"><method name="&lt;init&gt;" desc="()V" line="62"><counter type="INSTRUCTION" missed="0" covered="3"/><counter type="LINE" missed="0" covered="1"/><counter type="COMPLEXITY" missed="0" covered="1"/><counter type="METHOD" missed="0" covered="1"/></method><method name="calculate" desc="(Ljava/lang/Long;Ljava/lang/String;Z)Ljava/util/Map;" line="99"><counter type="INSTRUCTION" missed="29" covered="92"/><counter type="BRANCH" missed="7" covered="11"/><counter type="LINE" missed="6" covered="20"/><counter type="COMPLEXITY" missed="7" covered="3"/><counter type="METHOD" missed="0" covered="1"/></method><method name="summary" desc="(Ljava/lang/Long;)Ljava/util/Map;" line="146"><counter type="INSTRUCTION" missed="16" covered="242"/><counter type="BRANCH" missed="8" covered="18"/><counter type="LINE" missed="2" covered="40"/><counter type="COMPLEXITY" missed="7" covered="7"/><counter type="METHOD" missed="0" covered="1"/></method><method name="selectResultAggList" desc="(Lcom/ruoyi/evaluation/domain/ResultAgg;)Ljava/util/List;" line="202"><counter type="INSTRUCTION" missed="5" covered="21"/><counter type="BRANCH" missed="3" covered="3"/><counter type="LINE" missed="1" covered="5"/><counter type="COMPLEXITY" missed="3" covered="1"/><counter type="METHOD" missed="0" covered="1"/></method><method name="selectCandidateResultList" desc="(Lcom/ruoyi/evaluation/domain/ResultAgg;)Ljava/util/List;" line="217"><counter type="INSTRUCTION" missed="5" covered="13"/><counter type="BRANCH" missed="2" covered="2"/><counter type="LINE" missed="1" covered="3"/><counter type="COMPLEXITY" missed="2" covered="1"/><counter type="METHOD" missed="0" covered="1"/></method><method name="voteSummary" desc="(Ljava/lang/Long;)Ljava/util/Map;" line="228"><counter type="INSTRUCTION" missed="10" covered="62"/><counter type="BRANCH" missed="2" covered="2"/><counter type="LINE" missed="2" covered="14"/><counter type="COMPLEXITY" missed="2" covered="1"/><counter type="METHOD" missed="0" covered="1"/></method><method name="publicResult" desc="(Ljava/lang/Long;)Ljava/util/Map;" line="253"><counter type="INSTRUCTION" missed="0" covered="64"/><counter type="BRANCH" missed="1" covered="3"/><counter type="LINE" missed="0" covered="15"/><counter type="COMPLEXITY" missed="1" covered="2"/><counter type="METHOD" missed="0" covered="1"/></method><method name="exportResult" desc="(Ljakarta/servlet/http/HttpServletResponse;Ljava/lang/Long;Ljava/lang/String;Ljava/lang/String;)V" line="276"><counter type="INSTRUCTION" missed="35" covered="0"/><counter type="LINE" missed="8" covered="0"/><counter type="COMPLEXITY" missed="1" covered="0"/><counter type="METHOD" missed="1" covered="0"/></method><method name="export" desc="(Ljava/lang/Long;Ljava/lang/String;Ljava/lang/String;)Lcom/ruoyi/evaluation/domain/ExportJob;" line="291"><counter type="INSTRUCTION" missed="22" covered="111"/><counter type="BRANCH" missed="4" covered="6"/><counter type="LINE" missed="4" covered="29"/><counter type="COMPLEXITY" missed="4" covered="2"/><counter type="METHOD" missed="0" covered="1"/></method><method name="loadCandidates" desc="(Ljava/lang/Long;)Ljava/util/List;" line="343"><counter type="INSTRUCTION" missed="0" covered="5"/><counter type="LINE" missed="0" covered="1"/><counter type="COMPLEXITY" missed="0" covered="1"/><counter type="METHOD" missed="0" covered="1"/></method><method name="requireAllVotersDone" desc="(Ljava/lang/Long;)V" line="348"><counter type="INSTRUCTION" missed="5" covered="30"/><counter type="BRANCH" missed="1" covered="5"/><counter type="LINE" missed="1" covered="8"/><counter type="COMPLEXITY" missed="1" covered="3"/><counter type="METHOD" missed="0" covered="1"/></method><method name="loadVoteCounts" desc="(Ljava/lang/Long;)Ljava/util/Map;" line="366"><counter type="INSTRUCTION" missed="2" covered="51"/><counter type="BRANCH" missed="2" covered="6"/><counter type="LINE" missed="0" covered="10"/><counter type="COMPLEXITY" missed="2" covered="3"/><counter type="METHOD" missed="0" covered="1"/></method><method name="buildResultRows" desc="(Ljava/lang/Long;Ljava/util/List;Ljava/util/Map;Lcom/ruoyi/evaluation/domain/RuleConfig;Ljava/lang/String;)Ljava/util/List;" line="386"><counter type="INSTRUCTION" missed="0" covered="101"/><counter type="BRANCH" missed="0" covered="6"/><counter type="LINE" missed="0" covered="20"/><counter type="COMPLEXITY" missed="0" covered="4"/><counter type="METHOD" missed="0" covered="1"/></method><method name="buildGroupSummaryRows" desc="(Ljava/util/List;)Ljava/util/List;" line="415"><counter type="INSTRUCTION" missed="0" covered="197"/><counter type="BRANCH" missed="0" covered="4"/><counter type="LINE" missed="0" covered="35"/><counter type="COMPLEXITY" missed="0" covered="3"/><counter type="METHOD" missed="0" covered="1"/></method><method name="toPublicResultRow" desc="(Lcom/ruoyi/evaluation/domain/ResultAgg;)Ljava/util/Map;" line="457"><counter type="INSTRUCTION" missed="0" covered="102"/><counter type="LINE" missed="0" covered="18"/><counter type="COMPLEXITY" missed="0" covered="1"/><counter type="METHOD" missed="0" covered="1"/></method><method name="value" desc="(Ljava/lang/String;Ljava/lang/String;)I" line="479"><counter type="INSTRUCTION" missed="2" covered="10"/><counter type="BRANCH" missed="1" covered="3"/><counter type="LINE" missed="1" covered="2"/><counter type="COMPLEXITY" missed="1" covered="2"/><counter type="METHOD" missed="0" covered="1"/></method><method name="latestTime" desc="(Ljava/util/Date;Ljava/util/Date;)Ljava/util/Date;" line="488"><counter type="INSTRUCTION" missed="3" covered="13"/><counter type="BRANCH" missed="2" covered="4"/><counter type="LINE" missed="1" covered="4"/><counter type="COMPLEXITY" missed="2" covered="2"/><counter type="METHOD" missed="0" covered="1"/></method><method name="intValue" desc="(Ljava/lang/Object;)I" line="501"><counter type="INSTRUCTION" missed="11" covered="7"/><counter type="BRANCH" missed="3" covered="1"/><counter type="LINE" missed="5" covered="2"/><counter type="COMPLEXITY" missed="2" covered="1"/><counter type="METHOD" missed="0" covered="1"/></method><method name="departmentRank" desc="(Ljava/lang/String;)I" line="521"><counter type="INSTRUCTION" missed="20" covered="6"/><counter type="BRANCH" missed="7" covered="1"/><counter type="LINE" missed="7" covered="2"/><counter type="COMPLEXITY" missed="4" covered="1"/><counter type="METHOD" missed="0" covered="1"/></method><method name="levelRank" desc="(Ljava/lang/String;)I" line="542"><counter type="INSTRUCTION" missed="0" covered="3"/><counter type="LINE" missed="0" covered="1"/><counter type="COMPLEXITY" missed="0" covered="1"/><counter type="METHOD" missed="0" covered="1"/></method><method name="assignGroupResult" desc="(Ljava/util/List;Lcom/ruoyi/evaluation/domain/RuleConfig;)V" line="547"><counter type="INSTRUCTION" missed="0" covered="126"/><counter type="BRANCH" missed="1" covered="15"/><counter type="LINE" missed="0" covered="31"/><counter type="COMPLEXITY" missed="1" covered="8"/><counter type="METHOD" missed="0" covered="1"/></method><method name="maxPassCount" desc="(Ljava/util/List;Lcom/ruoyi/evaluation/domain/RuleConfig;)I" line="595"><counter type="INSTRUCTION" missed="5" covered="21"/><counter type="BRANCH" missed="3" covered="3"/><counter type="LINE" missed="2" covered="3"/><counter type="COMPLEXITY" missed="3" covered="1"/><counter type="METHOD" missed="0" covered="1"/></method><method name="toResultAgg" desc="(Ljava/lang/Long;Lcom/ruoyi/evaluation/service/impl/ResultAggServiceImpl$ResultRow;Ljava/lang/String;Ljava/util/Date;)Lcom/ruoyi/evaluation/domain/ResultAgg;" line="608"><counter type="INSTRUCTION" missed="0" covered="73"/><counter type="LINE" missed="0" covered="17"/><counter type="COMPLEXITY" missed="0" covered="1"/><counter type="METHOD" missed="0" covered="1"/></method><method name="writeExportFile" desc="(Lcom/ruoyi/evaluation/domain/Activity;Ljava/util/List;Lcom/ruoyi/evaluation/domain/RuleConfig;Ljava/lang/String;)Ljava/lang/String;" line="629"><counter type="INSTRUCTION" missed="11" covered="92"/><counter type="BRANCH" missed="3" covered="11"/><counter type="LINE" missed="2" covered="18"/><counter type="COMPLEXITY" missed="3" covered="5"/><counter type="METHOD" missed="0" covered="1"/></method><method name="writeFigure2" desc="(Lorg/apache/poi/xssf/usermodel/XSSFWorkbook;Lorg/apache/poi/ss/usermodel/CellStyle;Ljava/lang/Long;Ljava/util/List;)V" line="670"><counter type="INSTRUCTION" missed="0" covered="260"/><counter type="BRANCH" missed="0" covered="6"/><counter type="LINE" missed="0" covered="36"/><counter type="COMPLEXITY" missed="0" covered="4"/><counter type="METHOD" missed="0" covered="1"/></method><method name="voteSummaryRows" desc="(Ljava/lang/Long;Ljava/util/List;)Ljava/util/List;" line="713"><counter type="INSTRUCTION" missed="0" covered="79"/><counter type="BRANCH" missed="0" covered="2"/><counter type="LINE" missed="0" covered="16"/><counter type="COMPLEXITY" missed="0" covered="2"/><counter type="METHOD" missed="0" covered="1"/></method><method name="voteDetailRows" desc="(Ljava/util/List;)Ljava/util/List;" line="734"><counter type="INSTRUCTION" missed="0" covered="90"/><counter type="BRANCH" missed="0" covered="2"/><counter type="LINE" missed="0" covered="16"/><counter type="COMPLEXITY" missed="0" covered="2"/><counter type="METHOD" missed="0" covered="1"/></method><method name="voteDisplayRows" desc="(Ljava/util/List;)Ljava/util/List;" line="755"><counter type="INSTRUCTION" missed="0" covered="126"/><counter type="BRANCH" missed="0" covered="2"/><counter type="LINE" missed="0" covered="27"/><counter type="COMPLEXITY" missed="0" covered="2"/><counter type="METHOD" missed="0" covered="1"/></method><method name="voteDisplayBucket" desc="(Lcom/ruoyi/evaluation/domain/ResultAgg;)I" line="787"><counter type="INSTRUCTION" missed="2" covered="38"/><counter type="BRANCH" missed="2" covered="10"/><counter type="LINE" missed="1" covered="8"/><counter type="COMPLEXITY" missed="2" covered="5"/><counter type="METHOD" missed="0" covered="1"/></method><method name="voteDisplayStatus" desc="(Lcom/ruoyi/evaluation/domain/ResultAgg;)Ljava/lang/String;" line="808"><counter type="INSTRUCTION" missed="0" covered="24"/><counter type="BRANCH" missed="0" covered="4"/><counter type="LINE" missed="0" covered="5"/><counter type="COMPLEXITY" missed="0" covered="3"/><counter type="METHOD" missed="0" covered="1"/></method><method name="sortedVoteDepartments" desc="(Ljava/util/List;Ljava/util/Map;)Ljava/util/List;" line="821"><counter type="INSTRUCTION" missed="0" covered="42"/><counter type="BRANCH" missed="0" covered="2"/><counter type="LINE" missed="0" covered="10"/><counter type="COMPLEXITY" missed="0" covered="2"/><counter type="METHOD" missed="0" covered="1"/></method><method name="voteSequenceCode" desc="(Lcom/ruoyi/evaluation/domain/Vote;)Ljava/lang/String;" line="836"><counter type="INSTRUCTION" missed="3" covered="12"/><counter type="BRANCH" missed="1" covered="1"/><counter type="LINE" missed="1" covered="2"/><counter type="COMPLEXITY" missed="1" covered="1"/><counter type="METHOD" missed="0" covered="1"/></method><method name="recommendationCategory" desc="(Lcom/ruoyi/evaluation/domain/Vote;)Ljava/lang/String;" line="843"><counter type="INSTRUCTION" missed="0" covered="8"/><counter type="LINE" missed="0" covered="1"/><counter type="COMPLEXITY" missed="0" covered="1"/><counter type="METHOD" missed="0" covered="1"/></method><method name="candidateDepartmentLevel" desc="(Lcom/ruoyi/evaluation/domain/Vote;)Ljava/lang/String;" line="848"><counter type="INSTRUCTION" missed="0" covered="8"/><counter type="LINE" missed="0" covered="1"/><counter type="COMPLEXITY" missed="0" covered="1"/><counter type="METHOD" missed="0" covered="1"/></method><method name="voteResultText" desc="(Ljava/lang/String;)Ljava/lang/String;" line="853"><counter type="INSTRUCTION" missed="3" covered="12"/><counter type="BRANCH" missed="1" covered="3"/><counter type="LINE" missed="1" covered="4"/><counter type="COMPLEXITY" missed="1" covered="2"/><counter type="METHOD" missed="0" covered="1"/></method><method name="writeFigure3" desc="(Lorg/apache/poi/xssf/usermodel/XSSFWorkbook;Lorg/apache/poi/ss/usermodel/CellStyle;Ljava/util/List;Lcom/ruoyi/evaluation/domain/RuleConfig;)V" line="866"><counter type="INSTRUCTION" missed="342" covered="0"/><counter type="BRANCH" missed="14" covered="0"/><counter type="LINE" missed="48" covered="0"/><counter type="COMPLEXITY" missed="8" covered="0"/><counter type="METHOD" missed="1" covered="0"/></method><method name="writeFigure4" desc="(Lorg/apache/poi/xssf/usermodel/XSSFWorkbook;Lorg/apache/poi/ss/usermodel/CellStyle;Ljava/util/List;)V" line="928"><counter type="INSTRUCTION" missed="1" covered="149"/><counter type="BRANCH" missed="1" covered="3"/><counter type="LINE" missed="1" covered="21"/><counter type="COMPLEXITY" missed="1" covered="2"/><counter type="METHOD" missed="0" covered="1"/></method><method name="writeFinalDecision" desc="(Lorg/apache/poi/xssf/usermodel/XSSFWorkbook;Lorg/apache/poi/ss/usermodel/CellStyle;Ljava/util/List;)V" line="957"><counter type="INSTRUCTION" missed="0" covered="211"/><counter type="BRANCH" missed="0" covered="2"/><counter type="LINE" missed="0" covered="28"/><counter type="COMPLEXITY" missed="0" covered="2"/><counter type="METHOD" missed="0" covered="1"/></method><method name="finalDecisionRows" desc="(Ljava/util/List;)Ljava/util/List;" line="991"><counter type="INSTRUCTION" missed="0" covered="4"/><counter type="LINE" missed="0" covered="1"/><counter type="COMPLEXITY" missed="0" covered="1"/><counter type="METHOD" missed="0" covered="1"/></method><method name="exportRows" desc="(Ljava/util/List;)Ljava/util/List;" line="996"><counter type="INSTRUCTION" missed="0" covered="38"/><counter type="LINE" missed="0" covered="12"/><counter type="COMPLEXITY" missed="0" covered="1"/><counter type="METHOD" missed="0" covered="1"/></method><method name="resultBucket" desc="(Lcom/ruoyi/evaluation/domain/ResultAgg;)I" line="1012"><counter type="INSTRUCTION" missed="4" covered="17"/><counter type="BRANCH" missed="2" covered="4"/><counter type="LINE" missed="1" covered="3"/><counter type="COMPLEXITY" missed="2" covered="2"/><counter type="METHOD" missed="0" covered="1"/></method><method name="writeDepartmentZip" desc="(Ljava/io/File;Ljava/util/List;)V" line="1020"><counter type="INSTRUCTION" missed="0" covered="62"/><counter type="BRANCH" missed="0" covered="2"/><counter type="LINE" missed="0" covered="12"/><counter type="COMPLEXITY" missed="0" covered="2"/><counter type="METHOD" missed="0" covered="1"/></method><method name="departmentWorkbook" desc="(Ljava/lang/String;Ljava/util/List;)[B" line="1038"><counter type="INSTRUCTION" missed="0" covered="66"/><counter type="BRANCH" missed="0" covered="2"/><counter type="LINE" missed="0" covered="11"/><counter type="COMPLEXITY" missed="0" covered="2"/><counter type="METHOD" missed="0" covered="1"/></method><method name="writeDepartmentLevelSheet" desc="(Lorg/apache/poi/xssf/usermodel/XSSFWorkbook;Lorg/apache/poi/ss/usermodel/CellStyle;Lorg/apache/poi/ss/usermodel/CellStyle;Ljava/lang/String;Ljava/lang/String;Ljava/lang/String;Ljava/util/List;)V" line="1057"><counter type="INSTRUCTION" missed="2" covered="151"/><counter type="BRANCH" missed="1" covered="3"/><counter type="LINE" missed="0" covered="24"/><counter type="COMPLEXITY" missed="1" covered="2"/><counter type="METHOD" missed="0" covered="1"/></method><method name="headerStyle" desc="(Lorg/apache/poi/xssf/usermodel/XSSFWorkbook;)Lorg/apache/poi/ss/usermodel/CellStyle;" line="1086"><counter type="INSTRUCTION" missed="0" covered="20"/><counter type="LINE" missed="0" covered="7"/><counter type="COMPLEXITY" missed="0" covered="1"/><counter type="METHOD" missed="0" covered="1"/></method><method name="titleStyle" desc="(Lorg/apache/poi/xssf/usermodel/XSSFWorkbook;)Lorg/apache/poi/ss/usermodel/CellStyle;" line="1097"><counter type="INSTRUCTION" missed="0" covered="23"/><counter type="LINE" missed="0" covered="8"/><counter type="COMPLEXITY" missed="0" covered="1"/><counter type="METHOD" missed="0" covered="1"/></method><method name="writeHeader" desc="(Lorg/apache/poi/ss/usermodel/Sheet;Lorg/apache/poi/ss/usermodel/CellStyle;I[Ljava/lang/String;)V" line="1109"><counter type="INSTRUCTION" missed="0" covered="25"/><counter type="BRANCH" missed="0" covered="2"/><counter type="LINE" missed="0" covered="6"/><counter type="COMPLEXITY" missed="0" covered="2"/><counter type="METHOD" missed="0" covered="1"/></method><method name="cell" desc="(Lorg/apache/poi/ss/usermodel/Row;ILjava/lang/Object;)V" line="1120"><counter type="INSTRUCTION" missed="3" covered="20"/><counter type="BRANCH" missed="1" covered="3"/><counter type="LINE" missed="1" covered="6"/><counter type="COMPLEXITY" missed="1" covered="2"/><counter type="METHOD" missed="0" covered="1"/></method><method name="autosize" desc="(Lorg/apache/poi/ss/usermodel/Sheet;I)V" line="1137"><counter type="INSTRUCTION" missed="4" covered="16"/><counter type="BRANCH" missed="1" covered="3"/><counter type="LINE" missed="1" covered="4"/><counter type="COMPLEXITY" missed="1" covered="2"/><counter type="METHOD" missed="0" covered="1"/></method><method name="normalizeExportType" desc="(Ljava/lang/String;)Ljava/lang/String;" line="1149"><counter type="INSTRUCTION" missed="14" covered="61"/><counter type="BRANCH" missed="8" covered="18"/><counter type="LINE" missed="4" covered="9"/><counter type="COMPLEXITY" missed="7" covered="7"/><counter type="METHOD" missed="0" covered="1"/></method><method name="exportFileName" desc="(Ljava/lang/Long;Ljava/lang/String;)Ljava/lang/String;" line="1176"><counter type="INSTRUCTION" missed="0" covered="14"/><counter type="BRANCH" missed="0" covered="2"/><counter type="LINE" missed="0" covered="2"/><counter type="COMPLEXITY" missed="0" covered="2"/><counter type="METHOD" missed="0" covered="1"/></method><method name="downloadUrl" desc="(Ljava/lang/String;)Ljava/lang/String;" line="1182"><counter type="INSTRUCTION" missed="0" covered="5"/><counter type="LINE" missed="0" covered="1"/><counter type="COMPLEXITY" missed="0" covered="1"/><counter type="METHOD" missed="0" covered="1"/></method><method name="markExported" desc="(Ljava/lang/Long;Ljava/lang/String;Ljava/lang/String;)V" line="1187"><counter type="INSTRUCTION" missed="0" covered="24"/><counter type="BRANCH" missed="0" covered="2"/><counter type="LINE" missed="0" covered="8"/><counter type="COMPLEXITY" missed="0" covered="2"/><counter type="METHOD" missed="0" covered="1"/></method><method name="applyConfirmedFinalEvaluation" desc="(Ljava/lang/Long;Ljava/util/List;)V" line="1200"><counter type="INSTRUCTION" missed="5" covered="56"/><counter type="BRANCH" missed="2" covered="6"/><counter type="LINE" missed="1" covered="13"/><counter type="COMPLEXITY" missed="2" covered="3"/><counter type="METHOD" missed="0" covered="1"/></method><method name="voteRankComparator" desc="()Ljava/util/Comparator;" line="1222"><counter type="INSTRUCTION" missed="0" covered="14"/><counter type="LINE" missed="0" covered="4"/><counter type="COMPLEXITY" missed="0" covered="1"/><counter type="METHOD" missed="0" covered="1"/></method><method name="groupKey" desc="(Lcom/ruoyi/evaluation/service/impl/ResultAggServiceImpl$ResultRow;)Ljava/lang/String;" line="1230"><counter type="INSTRUCTION" missed="0" covered="12"/><counter type="LINE" missed="0" covered="1"/><counter type="COMPLEXITY" missed="0" covered="1"/><counter type="METHOD" missed="0" covered="1"/></method><method name="isAutoPassLevel" desc="(Ljava/lang/String;)Z" line="1235"><counter type="INSTRUCTION" missed="0" covered="3"/><counter type="LINE" missed="0" covered="1"/><counter type="COMPLEXITY" missed="0" covered="1"/><counter type="METHOD" missed="0" covered="1"/></method><method name="ratioCount" desc="(ILjava/math/BigDecimal;)I" line="1240"><counter type="INSTRUCTION" missed="2" covered="16"/><counter type="BRANCH" missed="2" covered="2"/><counter type="LINE" missed="1" covered="2"/><counter type="COMPLEXITY" missed="2" covered="1"/><counter type="METHOD" missed="0" covered="1"/></method><method name="rate" desc="(II)Ljava/math/BigDecimal;" line="1249"><counter type="INSTRUCTION" missed="0" covered="14"/><counter type="BRANCH" missed="0" covered="2"/><counter type="LINE" missed="0" covered="3"/><counter type="COMPLEXITY" missed="0" covered="2"/><counter type="METHOD" missed="0" covered="1"/></method><method name="text" desc="(Ljava/lang/String;)Ljava/lang/String;" line="1258"><counter type="INSTRUCTION" missed="0" covered="3"/><counter type="LINE" missed="0" covered="1"/><counter type="COMPLEXITY" missed="0" covered="1"/><counter type="METHOD" missed="0" covered="1"/></method><method name="text" desc="(Ljava/lang/Object;)Ljava/lang/String;" line="1263"><counter type="INSTRUCTION" missed="2" covered="5"/><counter type="BRANCH" missed="1" covered="1"/><counter type="LINE" missed="0" covered="1"/><counter type="COMPLEXITY" missed="1" covered="1"/><counter type="METHOD" missed="0" covered="1"/></method><method name="limit" desc="(Ljava/lang/String;)Ljava/lang/String;" line="1268"><counter type="INSTRUCTION" missed="5" covered="9"/><counter type="BRANCH" missed="1" covered="1"/><counter type="LINE" missed="0" covered="2"/><counter type="COMPLEXITY" missed="1" covered="1"/><counter type="METHOD" missed="0" covered="1"/></method><method name="formatDateTime" desc="(Ljava/util/Date;)Ljava/lang/String;" line="1274"><counter type="INSTRUCTION" missed="0" covered="11"/><counter type="BRANCH" missed="0" covered="2"/><counter type="LINE" missed="0" covered="3"/><counter type="COMPLEXITY" missed="0" covered="2"/><counter type="METHOD" missed="0" covered="1"/></method><method name="maskIdCard" desc="(Ljava/lang/String;)Ljava/lang/String;" line="1283"><counter type="INSTRUCTION" missed="0" covered="22"/><counter type="BRANCH" missed="0" covered="2"/><counter type="LINE" missed="0" covered="4"/><counter type="COMPLEXITY" missed="0" covered="2"/><counter type="METHOD" missed="0" covered="1"/></method><method name="safeFileName" desc="(Ljava/lang/String;)Ljava/lang/String;" line="1293"><counter type="INSTRUCTION" missed="0" covered="10"/><counter type="LINE" missed="0" covered="2"/><counter type="COMPLEXITY" missed="0" covered="1"/><counter type="METHOD" missed="0" covered="1"/></method><method name="safeSheetName" desc="(Ljava/lang/String;)Ljava/lang/String;" line="1299"><counter type="INSTRUCTION" missed="5" covered="16"/><counter type="BRANCH" missed="1" covered="1"/><counter type="LINE" missed="0" covered="3"/><counter type="COMPLEXITY" missed="1" covered="1"/><counter type="METHOD" missed="0" covered="1"/></method><method name="loadVoterGroupStats" desc="(Ljava/lang/Long;Ljava/util/List;)Ljava/util/Map;" line="1306"><counter type="INSTRUCTION" missed="0" covered="80"/><counter type="BRANCH" missed="0" covered="6"/><counter type="LINE" missed="0" covered="16"/><counter type="COMPLEXITY" missed="0" covered="4"/><counter type="METHOD" missed="0" covered="1"/></method><method name="lambda$loadVoterGroupStats$42" desc="(Ljava/lang/String;Ljava/lang/String;)Lcom/ruoyi/evaluation/service/impl/ResultAggServiceImpl$VoterGroupStats;" line="1318"><counter type="INSTRUCTION" missed="5" covered="0"/><counter type="LINE" missed="1" covered="0"/><counter type="COMPLEXITY" missed="1" covered="0"/><counter type="METHOD" missed="1" covered="0"/></method><method name="lambda$loadVoterGroupStats$41" desc="(Ljava/lang/String;Ljava/lang/String;)Lcom/ruoyi/evaluation/service/impl/ResultAggServiceImpl$VoterGroupStats;" line="1310"><counter type="INSTRUCTION" missed="0" covered="5"/><counter type="LINE" missed="0" covered="1"/><counter type="COMPLEXITY" missed="0" covered="1"/><counter type="METHOD" missed="0" covered="1"/></method><method name="lambda$voteRankComparator$40" desc="(Lcom/ruoyi/evaluation/service/impl/ResultAggServiceImpl$ResultRow;)Ljava/lang/Long;" line="1225"><counter type="INSTRUCTION" missed="4" covered="0"/><counter type="LINE" missed="1" covered="0"/><counter type="COMPLEXITY" missed="1" covered="0"/><counter type="METHOD" missed="1" covered="0"/></method><method name="lambda$voteRankComparator$39" desc="(Lcom/ruoyi/evaluation/service/impl/ResultAggServiceImpl$ResultRow;)Ljava/lang/Integer;" line="1224"><counter type="INSTRUCTION" missed="0" covered="4"/><counter type="LINE" missed="0" covered="1"/><counter type="COMPLEXITY" missed="0" covered="1"/><counter type="METHOD" missed="0" covered="1"/></method><method name="lambda$voteRankComparator$38" desc="(Lcom/ruoyi/evaluation/service/impl/ResultAggServiceImpl$ResultRow;)I" line="1223"><counter type="INSTRUCTION" missed="0" covered="3"/><counter type="LINE" missed="0" covered="1"/><counter type="COMPLEXITY" missed="0" covered="1"/><counter type="METHOD" missed="0" covered="1"/></method><method name="lambda$voteRankComparator$37" desc="(Lcom/ruoyi/evaluation/service/impl/ResultAggServiceImpl$ResultRow;)I" line="1222"><counter type="INSTRUCTION" missed="0" covered="3"/><counter type="LINE" missed="0" covered="1"/><counter type="COMPLEXITY" missed="0" covered="1"/><counter type="METHOD" missed="0" covered="1"/></method><method name="lambda$applyConfirmedFinalEvaluation$36" desc="(Lcom/ruoyi/evaluation/domain/FinalEvaluation;)Z" line="1203"><counter type="INSTRUCTION" missed="2" covered="7"/><counter type="BRANCH" missed="1" covered="1"/><counter type="LINE" missed="0" covered="1"/><counter type="COMPLEXITY" missed="1" covered="1"/><counter type="METHOD" missed="0" covered="1"/></method><method name="lambda$departmentWorkbook$35" desc="(Lcom/ruoyi/evaluation/domain/ResultAgg;)Ljava/lang/String;" line="1043"><counter type="INSTRUCTION" missed="0" covered="5"/><counter type="LINE" missed="0" covered="1"/><counter type="COMPLEXITY" missed="0" covered="1"/><counter type="METHOD" missed="0" covered="1"/></method><method name="lambda$writeDepartmentZip$34" desc="(Lcom/ruoyi/evaluation/domain/ResultAgg;)Ljava/lang/String;" line="1021"><counter type="INSTRUCTION" missed="0" covered="5"/><counter type="LINE" missed="0" covered="1"/><counter type="COMPLEXITY" missed="0" covered="1"/><counter type="METHOD" missed="0" covered="1"/></method><method name="lambda$exportRows$33" desc="(Lcom/ruoyi/evaluation/domain/ResultAgg;)Ljava/lang/Long;" line="1006"><counter type="INSTRUCTION" missed="3" covered="0"/><counter type="LINE" missed="1" covered="0"/><counter type="COMPLEXITY" missed="1" covered="0"/><counter type="METHOD" missed="1" covered="0"/></method><method name="lambda$exportRows$32" desc="(Lcom/ruoyi/evaluation/domain/ResultAgg;)Ljava/lang/Integer;" line="1005"><counter type="INSTRUCTION" missed="3" covered="0"/><counter type="LINE" missed="1" covered="0"/><counter type="COMPLEXITY" missed="1" covered="0"/><counter type="METHOD" missed="1" covered="0"/></method><method name="lambda$exportRows$31" desc="(Lcom/ruoyi/evaluation/domain/ResultAgg;)I" line="1004"><counter type="INSTRUCTION" missed="5" covered="0"/><counter type="LINE" missed="1" covered="0"/><counter type="COMPLEXITY" missed="1" covered="0"/><counter type="METHOD" missed="1" covered="0"/></method><method name="lambda$exportRows$30" desc="(Lcom/ruoyi/evaluation/domain/ResultAgg;)I" line="1003"><counter type="INSTRUCTION" missed="5" covered="0"/><counter type="LINE" missed="1" covered="0"/><counter type="COMPLEXITY" missed="1" covered="0"/><counter type="METHOD" missed="1" covered="0"/></method><method name="lambda$exportRows$29" desc="(Lcom/ruoyi/evaluation/domain/ResultAgg;)Ljava/lang/String;" line="1002"><counter type="INSTRUCTION" missed="5" covered="0"/><counter type="LINE" missed="1" covered="0"/><counter type="COMPLEXITY" missed="1" covered="0"/><counter type="METHOD" missed="1" covered="0"/></method><method name="lambda$exportRows$28" desc="(Lcom/ruoyi/evaluation/domain/ResultAgg;)I" line="1001"><counter type="INSTRUCTION" missed="0" covered="7"/><counter type="LINE" missed="0" covered="1"/><counter type="COMPLEXITY" missed="0" covered="1"/><counter type="METHOD" missed="0" covered="1"/></method><method name="lambda$exportRows$27" desc="(Lcom/ruoyi/evaluation/domain/ResultAgg;)Ljava/lang/String;" line="1000"><counter type="INSTRUCTION" missed="0" covered="5"/><counter type="LINE" missed="0" covered="1"/><counter type="COMPLEXITY" missed="0" covered="1"/><counter type="METHOD" missed="0" covered="1"/></method><method name="lambda$exportRows$26" desc="(Lcom/ruoyi/evaluation/domain/ResultAgg;)I" line="999"><counter type="INSTRUCTION" missed="0" covered="7"/><counter type="LINE" missed="0" covered="1"/><counter type="COMPLEXITY" missed="0" covered="1"/><counter type="METHOD" missed="0" covered="1"/></method><method name="lambda$exportRows$25" desc="(Lcom/ruoyi/evaluation/domain/ResultAgg;)I" line="998"><counter type="INSTRUCTION" missed="0" covered="4"/><counter type="LINE" missed="0" covered="1"/><counter type="COMPLEXITY" missed="0" covered="1"/><counter type="METHOD" missed="0" covered="1"/></method><method name="lambda$writeFigure3$24" desc="(Lcom/ruoyi/evaluation/domain/ResultAgg;Ljava/lang/String;)Lcom/ruoyi/evaluation/service/impl/ResultAggServiceImpl$GroupStats;" line="873"><counter type="INSTRUCTION" missed="8" covered="0"/><counter type="LINE" missed="1" covered="0"/><counter type="COMPLEXITY" missed="1" covered="0"/><counter type="METHOD" missed="1" covered="0"/></method><method name="lambda$sortedVoteDepartments$23" desc="(Ljava/lang/String;)Ljava/lang/String;" line="830"><counter type="INSTRUCTION" missed="2" covered="0"/><counter type="LINE" missed="1" covered="0"/><counter type="COMPLEXITY" missed="1" covered="0"/><counter type="METHOD" missed="1" covered="0"/></method><method name="lambda$voteDisplayRows$22" desc="(Ljava/util/Map;)Ljava/lang/String;" line="781"><counter type="INSTRUCTION" missed="6" covered="0"/><counter type="LINE" missed="1" covered="0"/><counter type="COMPLEXITY" missed="1" covered="0"/><counter type="METHOD" missed="1" covered="0"/></method><method name="lambda$voteDisplayRows$21" desc="(Ljava/util/Map;)I" line="780"><counter type="INSTRUCTION" missed="6" covered="0"/><counter type="LINE" missed="1" covered="0"/><counter type="COMPLEXITY" missed="1" covered="0"/><counter type="METHOD" missed="1" covered="0"/></method><method name="lambda$voteDisplayRows$20" desc="(Ljava/util/Map;)I" line="779"><counter type="INSTRUCTION" missed="6" covered="0"/><counter type="LINE" missed="1" covered="0"/><counter type="COMPLEXITY" missed="1" covered="0"/><counter type="METHOD" missed="1" covered="0"/></method><method name="lambda$voteDisplayRows$19" desc="(Ljava/util/Map;)I" line="778"><counter type="INSTRUCTION" missed="0" covered="6"/><counter type="LINE" missed="0" covered="1"/><counter type="COMPLEXITY" missed="0" covered="1"/><counter type="METHOD" missed="0" covered="1"/></method><method name="lambda$voteDisplayRows$18" desc="(Ljava/util/Map;)Ljava/lang/String;" line="777"><counter type="INSTRUCTION" missed="0" covered="6"/><counter type="LINE" missed="0" covered="1"/><counter type="COMPLEXITY" missed="0" covered="1"/><counter type="METHOD" missed="0" covered="1"/></method><method name="lambda$voteDisplayRows$17" desc="(Ljava/util/Map;)I" line="776"><counter type="INSTRUCTION" missed="0" covered="8"/><counter type="LINE" missed="0" covered="1"/><counter type="COMPLEXITY" missed="0" covered="1"/><counter type="METHOD" missed="0" covered="1"/></method><method name="lambda$voteDisplayRows$16" desc="(Ljava/util/Map;)Ljava/lang/String;" line="775"><counter type="INSTRUCTION" missed="0" covered="6"/><counter type="LINE" missed="0" covered="1"/><counter type="COMPLEXITY" missed="0" covered="1"/><counter type="METHOD" missed="0" covered="1"/></method><method name="lambda$voteDisplayRows$15" desc="(Ljava/util/Map;)I" line="774"><counter type="INSTRUCTION" missed="0" covered="8"/><counter type="LINE" missed="0" covered="1"/><counter type="COMPLEXITY" missed="0" covered="1"/><counter type="METHOD" missed="0" covered="1"/></method><method name="lambda$voteSummaryRows$14" desc="(Ljava/util/Map;)Ljava/lang/String;" line="728"><counter type="INSTRUCTION" missed="6" covered="0"/><counter type="LINE" missed="1" covered="0"/><counter type="COMPLEXITY" missed="1" covered="0"/><counter type="METHOD" missed="1" covered="0"/></method><method name="lambda$voteSummaryRows$13" desc="(Ljava/util/Map;)Ljava/lang/Integer;" line="727"><counter type="INSTRUCTION" missed="9" covered="0"/><counter type="LINE" missed="1" covered="0"/><counter type="COMPLEXITY" missed="1" covered="0"/><counter type="METHOD" missed="1" covered="0"/></method><method name="lambda$writeFigure2$12" desc="(Lcom/ruoyi/evaluation/domain/Vote;)Ljava/lang/String;" line="686"><counter type="INSTRUCTION" missed="0" covered="5"/><counter type="LINE" missed="0" covered="1"/><counter type="COMPLEXITY" missed="0" covered="1"/><counter type="METHOD" missed="0" covered="1"/></method><method name="lambda$assignGroupResult$11" desc="(Lcom/ruoyi/evaluation/service/impl/ResultAggServiceImpl$ResultRow;)Z" line="574"><counter type="INSTRUCTION" missed="0" covered="6"/><counter type="LINE" missed="0" covered="1"/><counter type="COMPLEXITY" missed="0" covered="1"/><counter type="METHOD" missed="0" covered="1"/></method><method name="lambda$buildGroupSummaryRows$10" desc="(Ljava/util/Map;)Ljava/lang/String;" line="451"><counter type="INSTRUCTION" missed="6" covered="0"/><counter type="LINE" missed="1" covered="0"/><counter type="COMPLEXITY" missed="1" covered="0"/><counter type="METHOD" missed="1" covered="0"/></method><method name="lambda$buildGroupSummaryRows$9" desc="(Ljava/util/Map;)Ljava/lang/Integer;" line="450"><counter type="INSTRUCTION" missed="7" covered="0"/><counter type="LINE" missed="1" covered="0"/><counter type="COMPLEXITY" missed="1" covered="0"/><counter type="METHOD" missed="1" covered="0"/></method><method name="lambda$buildGroupSummaryRows$8" desc="(Ljava/util/Map;)Ljava/lang/Integer;" line="449"><counter type="INSTRUCTION" missed="8" covered="0"/><counter type="LINE" missed="1" covered="0"/><counter type="COMPLEXITY" missed="1" covered="0"/><counter type="METHOD" missed="1" covered="0"/></method><method name="lambda$buildGroupSummaryRows$7" desc="(Ljava/util/Map;)Ljava/lang/String;" line="448"><counter type="INSTRUCTION" missed="6" covered="0"/><counter type="LINE" missed="1" covered="0"/><counter type="COMPLEXITY" missed="1" covered="0"/><counter type="METHOD" missed="1" covered="0"/></method><method name="lambda$buildGroupSummaryRows$6" desc="(Ljava/util/Map;)Ljava/lang/Integer;" line="447"><counter type="INSTRUCTION" missed="9" covered="0"/><counter type="LINE" missed="1" covered="0"/><counter type="COMPLEXITY" missed="1" covered="0"/><counter type="METHOD" missed="1" covered="0"/></method><method name="lambda$buildGroupSummaryRows$5" desc="(Ljava/util/Map;)Ljava/lang/String;" line="446"><counter type="INSTRUCTION" missed="6" covered="0"/><counter type="LINE" missed="1" covered="0"/><counter type="COMPLEXITY" missed="1" covered="0"/><counter type="METHOD" missed="1" covered="0"/></method><method name="lambda$buildGroupSummaryRows$4" desc="(Ljava/util/Map;)Ljava/lang/Integer;" line="445"><counter type="INSTRUCTION" missed="9" covered="0"/><counter type="LINE" missed="1" covered="0"/><counter type="COMPLEXITY" missed="1" covered="0"/><counter type="METHOD" missed="1" covered="0"/></method><method name="lambda$buildGroupSummaryRows$3" desc="(Ljava/lang/String;Ljava/lang/String;Ljava/lang/String;)Lcom/ruoyi/evaluation/service/impl/ResultAggServiceImpl$GroupSummary;" line="421"><counter type="INSTRUCTION" missed="0" covered="6"/><counter type="LINE" missed="0" covered="1"/><counter type="COMPLEXITY" missed="0" covered="1"/><counter type="METHOD" missed="0" covered="1"/></method><method name="lambda$loadVoteCounts$2" desc="(Ljava/lang/Long;)Lcom/ruoyi/evaluation/service/impl/ResultAggServiceImpl$VoteCounts;" line="369"><counter type="INSTRUCTION" missed="0" covered="4"/><counter type="LINE" missed="0" covered="1"/><counter type="COMPLEXITY" missed="0" covered="1"/><counter type="METHOD" missed="0" covered="1"/></method><method name="lambda$summary$1" desc="(Lcom/ruoyi/evaluation/domain/ResultAgg;)Z" line="186"><counter type="INSTRUCTION" missed="0" covered="5"/><counter type="LINE" missed="0" covered="1"/><counter type="COMPLEXITY" missed="0" covered="1"/><counter type="METHOD" missed="0" covered="1"/></method><method name="lambda$summary$0" desc="(Lcom/ruoyi/evaluation/domain/ResultAgg;)Z" line="185"><counter type="INSTRUCTION" missed="0" covered="5"/><counter type="LINE" missed="0" covered="1"/><counter type="COMPLEXITY" missed="0" covered="1"/><counter type="METHOD" missed="0" covered="1"/></method><method name="&lt;clinit&gt;" desc="()V" line="64"><counter type="INSTRUCTION" missed="0" covered="7"/><counter type="LINE" missed="0" covered="2"/><counter type="COMPLEXITY" missed="0" covered="1"/><counter type="METHOD" missed="0" covered="1"/></method><counter type="INSTRUCTION" missed="704" covered="3448"/><counter type="BRANCH" missed="90" covered="206"/><counter type="LINE" missed="104" covered="646"/><counter type="COMPLEXITY" missed="100" covered="159"/><counter type="METHOD" missed="23" covered="88"/><counter type="CLASS" missed="0" covered="1"/></class><class name="com/ruoyi/evaluation/service/impl/ResultAggServiceImpl$GroupStats" sourcefilename="ResultAggServiceImpl.java"><method name="&lt;init&gt;" desc="(Ljava/lang/String;Ljava/lang/String;)V" line="1369"><counter type="INSTRUCTION" missed="9" covered="0"/><counter type="LINE" missed="4" covered="0"/><counter type="COMPLEXITY" missed="1" covered="0"/><counter type="METHOD" missed="1" covered="0"/></method><counter type="INSTRUCTION" missed="9" covered="0"/><counter type="LINE" missed="4" covered="0"/><counter type="COMPLEXITY" missed="1" covered="0"/><counter type="METHOD" missed="1" covered="0"/><counter type="CLASS" missed="1" covered="0"/></class><class name="com/ruoyi/evaluation/service/impl/VoteServiceImpl$VoteContext" sourcefilename="VoteServiceImpl.java"/><class name="com/ruoyi/evaluation/service/impl/VoterServiceImpl" sourcefilename="VoterServiceImpl.java"><method name="&lt;init&gt;" desc="()V" line="27"><counter type="INSTRUCTION" missed="0" covered="3"/><counter type="LINE" missed="0" covered="1"/><counter type="COMPLEXITY" missed="0" covered="1"/><counter type="METHOD" missed="0" covered="1"/></method><method name="selectVoterList" desc="(Lcom/ruoyi/evaluation/domain/Voter;)Ljava/util/List;" line="44"><counter type="INSTRUCTION" missed="15" covered="0"/><counter type="BRANCH" missed="4" covered="0"/><counter type="LINE" missed="3" covered="0"/><counter type="COMPLEXITY" missed="3" covered="0"/><counter type="METHOD" missed="1" covered="0"/></method><method name="selectVoterOptions" desc="()Ljava/util/Map;" line="54"><counter type="INSTRUCTION" missed="22" covered="0"/><counter type="LINE" missed="4" covered="0"/><counter type="COMPLEXITY" missed="1" covered="0"/><counter type="METHOD" missed="1" covered="0"/></method><method name="selectVoterById" desc="(Ljava/lang/Long;)Lcom/ruoyi/evaluation/domain/Voter;" line="61"><counter type="INSTRUCTION" missed="5" covered="0"/><counter type="LINE" missed="1" covered="0"/><counter type="COMPLEXITY" missed="1" covered="0"/><counter type="METHOD" missed="1" covered="0"/></method><method name="insertVoter" desc="(Lcom/ruoyi/evaluation/domain/Voter;)I" line="66"><counter type="INSTRUCTION" missed="8" covered="24"/><counter type="BRANCH" missed="1" covered="1"/><counter type="LINE" missed="2" covered="4"/><counter type="COMPLEXITY" missed="1" covered="1"/><counter type="METHOD" missed="0" covered="1"/></method><method name="updateVoter" desc="(Lcom/ruoyi/evaluation/domain/Voter;)I" line="79"><counter type="INSTRUCTION" missed="17" covered="0"/><counter type="BRANCH" missed="2" covered="0"/><counter type="LINE" missed="4" covered="0"/><counter type="COMPLEXITY" missed="2" covered="0"/><counter type="METHOD" missed="1" covered="0"/></method><method name="deleteVoterByIds" desc="([Ljava/lang/Long;)I" line="88"><counter type="INSTRUCTION" missed="5" covered="0"/><counter type="LINE" missed="1" covered="0"/><counter type="COMPLEXITY" missed="1" covered="0"/><counter type="METHOD" missed="1" covered="0"/></method><method name="deleteVoterById" desc="(Ljava/lang/Long;)I" line="91"><counter type="INSTRUCTION" missed="5" covered="0"/><counter type="LINE" missed="1" covered="0"/><counter type="COMPLEXITY" missed="1" covered="0"/><counter type="METHOD" missed="1" covered="0"/></method><method name="deleteVoterByActivityId" desc="(Ljava/lang/Long;)I" line="96"><counter type="INSTRUCTION" missed="8" covered="0"/><counter type="LINE" missed="2" covered="0"/><counter type="COMPLEXITY" missed="1" covered="0"/><counter type="METHOD" missed="1" covered="0"/></method><method name="regenerateVoteToken" desc="(Ljava/lang/Long;Ljava/lang/String;)I" line="103"><counter type="INSTRUCTION" missed="5" covered="33"/><counter type="BRANCH" missed="1" covered="1"/><counter type="LINE" missed="1" covered="8"/><counter type="COMPLEXITY" missed="1" covered="1"/><counter type="METHOD" missed="0" covered="1"/></method><method name="selectVoterProgress" desc="(Ljava/lang/Long;)Ljava/util/Map;" line="119"><counter type="INSTRUCTION" missed="214" covered="0"/><counter type="BRANCH" missed="20" covered="0"/><counter type="LINE" missed="34" covered="0"/><counter type="COMPLEXITY" missed="11" covered="0"/><counter type="METHOD" missed="1" covered="0"/></method><method name="selectVoteLinks" desc="(Ljava/lang/Long;Ljava/lang/String;)Ljava/util/List;" line="163"><counter type="INSTRUCTION" missed="55" covered="0"/><counter type="BRANCH" missed="2" covered="0"/><counter type="LINE" missed="11" covered="0"/><counter type="COMPLEXITY" missed="2" covered="0"/><counter type="METHOD" missed="1" covered="0"/></method><method name="previewImport" desc="(Ljava/lang/Long;Lorg/springframework/web/multipart/MultipartFile;Ljava/lang/String;)Lcom/ruoyi/evaluation/domain/ImportPreviewResult;" line="180"><counter type="INSTRUCTION" missed="8" covered="0"/><counter type="LINE" missed="1" covered="0"/><counter type="COMPLEXITY" missed="1" covered="0"/><counter type="METHOD" missed="1" covered="0"/></method><method name="importData" desc="(Ljava/lang/Long;Lorg/springframework/web/multipart/MultipartFile;ZLjava/lang/String;)Lcom/ruoyi/evaluation/domain/ImportPreviewResult;" line="187"><counter type="INSTRUCTION" missed="28" covered="0"/><counter type="BRANCH" missed="4" covered="0"/><counter type="LINE" missed="6" covered="0"/><counter type="COMPLEXITY" missed="3" covered="0"/><counter type="METHOD" missed="1" covered="0"/></method><method name="importPoolData" desc="(Lorg/springframework/web/multipart/MultipartFile;ZLjava/lang/String;)Lcom/ruoyi/evaluation/domain/ImportPreviewResult;" line="203"><counter type="INSTRUCTION" missed="43" covered="0"/><counter type="BRANCH" missed="4" covered="0"/><counter type="LINE" missed="8" covered="0"/><counter type="COMPLEXITY" missed="3" covered="0"/><counter type="METHOD" missed="1" covered="0"/></method><method name="selectFromPool" desc="(Ljava/lang/Long;Ljava/util/List;ZLjava/lang/String;)I" line="220"><counter type="INSTRUCTION" missed="59" covered="0"/><counter type="BRANCH" missed="10" covered="0"/><counter type="LINE" missed="15" covered="0"/><counter type="COMPLEXITY" missed="6" covered="0"/><counter type="METHOD" missed="1" covered="0"/></method><method name="copyFromActivity" desc="(Ljava/lang/Long;Ljava/lang/Long;ZLjava/lang/String;)I" line="250"><counter type="INSTRUCTION" missed="61" covered="0"/><counter type="BRANCH" missed="10" covered="0"/><counter type="LINE" missed="14" covered="0"/><counter type="COMPLEXITY" missed="6" covered="0"/><counter type="METHOD" missed="1" covered="0"/></method><method name="ensurePoolVoter" desc="(Lcom/ruoyi/evaluation/domain/Voter;Ljava/lang/String;)Lcom/ruoyi/evaluation/domain/Voter;" line="275"><counter type="INSTRUCTION" missed="33" covered="9"/><counter type="BRANCH" missed="1" covered="1"/><counter type="LINE" missed="9" covered="3"/><counter type="COMPLEXITY" missed="1" covered="1"/><counter type="METHOD" missed="0" covered="1"/></method><method name="insertSnapshot" desc="(Ljava/lang/Long;Lcom/ruoyi/evaluation/domain/Voter;Ljava/lang/String;Ljava/lang/Long;Ljava/lang/Long;Ljava/lang/String;)I" line="293"><counter type="INSTRUCTION" missed="0" covered="57"/><counter type="LINE" missed="0" covered="15"/><counter type="COMPLEXITY" missed="0" covered="1"/><counter type="METHOD" missed="0" covered="1"/></method><method name="insertSnapshot" desc="(Ljava/lang/Long;Lcom/ruoyi/evaluation/domain/ActivityVoter;Ljava/lang/String;)I" line="312"><counter type="INSTRUCTION" missed="59" covered="0"/><counter type="LINE" missed="15" covered="0"/><counter type="COMPLEXITY" missed="1" covered="0"/><counter type="METHOD" missed="1" covered="0"/></method><method name="insertSnapshot" desc="(Lcom/ruoyi/evaluation/domain/ActivityVoter;)I" line="331"><counter type="INSTRUCTION" missed="7" covered="14"/><counter type="BRANCH" missed="2" covered="2"/><counter type="LINE" missed="2" covered="3"/><counter type="COMPLEXITY" missed="2" covered="1"/><counter type="METHOD" missed="0" covered="1"/></method><method name="buildVoterStatusRow" desc="(Lcom/ruoyi/evaluation/domain/Voter;Z)Ljava/util/Map;" line="344"><counter type="INSTRUCTION" missed="48" covered="0"/><counter type="LINE" missed="9" covered="0"/><counter type="COMPLEXITY" missed="1" covered="0"/><counter type="METHOD" missed="1" covered="0"/></method><method name="assignNextPoolSequence" desc="(Lcom/ruoyi/evaluation/domain/Voter;)V" line="357"><counter type="INSTRUCTION" missed="20" covered="0"/><counter type="BRANCH" missed="4" covered="0"/><counter type="LINE" missed="5" covered="0"/><counter type="COMPLEXITY" missed="3" covered="0"/><counter type="METHOD" missed="1" covered="0"/></method><method name="requireConfigurableActivity" desc="(Ljava/lang/Long;)V" line="367"><counter type="INSTRUCTION" missed="5" covered="27"/><counter type="BRANCH" missed="3" covered="5"/><counter type="LINE" missed="1" covered="6"/><counter type="COMPLEXITY" missed="3" covered="2"/><counter type="METHOD" missed="0" covered="1"/></method><method name="lambda$selectVoterProgress$0" desc="(Lcom/ruoyi/evaluation/domain/Voter;)Z" line="123"><counter type="INSTRUCTION" missed="5" covered="0"/><counter type="LINE" missed="1" covered="0"/><counter type="COMPLEXITY" missed="1" covered="0"/><counter type="METHOD" missed="1" covered="0"/></method><counter type="INSTRUCTION" missed="735" covered="167"/><counter type="BRANCH" missed="68" covered="10"/><counter type="LINE" missed="149" covered="40"/><counter type="COMPLEXITY" missed="56" covered="8"/><counter type="METHOD" missed="18" covered="7"/><counter type="CLASS" missed="0" covered="1"/></class><class name="com/ruoyi/evaluation/service/impl/ResultAggServiceImpl$GroupSummary" sourcefilename="ResultAggServiceImpl.java"><method name="&lt;init&gt;" desc="(Ljava/lang/String;Ljava/lang/String;)V" line="1335"><counter type="INSTRUCTION" missed="0" covered="14"/><counter type="LINE" missed="0" covered="5"/><counter type="COMPLEXITY" missed="0" covered="1"/><counter type="METHOD" missed="0" covered="1"/></method><counter type="INSTRUCTION" missed="0" covered="14"/><counter type="LINE" missed="0" covered="5"/><counter type="COMPLEXITY" missed="0" covered="1"/><counter type="METHOD" missed="0" covered="1"/><counter type="CLASS" missed="0" covered="1"/></class><class name="com/ruoyi/evaluation/service/impl/ExportJobServiceImpl" sourcefilename="ExportJobServiceImpl.java"><method name="&lt;init&gt;" desc="()V" line="11"><counter type="INSTRUCTION" missed="3" covered="0"/><counter type="LINE" missed="1" covered="0"/><counter type="COMPLEXITY" missed="1" covered="0"/><counter type="METHOD" missed="1" covered="0"/></method><method name="selectExportJobList" desc="(Lcom/ruoyi/evaluation/domain/ExportJob;)Ljava/util/List;" line="17"><counter type="INSTRUCTION" missed="5" covered="0"/><counter type="LINE" missed="1" covered="0"/><counter type="COMPLEXITY" missed="1" covered="0"/><counter type="METHOD" missed="1" covered="0"/></method><method name="selectExportJobById" desc="(Ljava/lang/Long;)Lcom/ruoyi/evaluation/domain/ExportJob;" line="19"><counter type="INSTRUCTION" missed="5" covered="0"/><counter type="LINE" missed="1" covered="0"/><counter type="COMPLEXITY" missed="1" covered="0"/><counter type="METHOD" missed="1" covered="0"/></method><method name="insertExportJob" desc="(Lcom/ruoyi/evaluation/domain/ExportJob;)I" line="21"><counter type="INSTRUCTION" missed="5" covered="0"/><counter type="LINE" missed="1" covered="0"/><counter type="COMPLEXITY" missed="1" covered="0"/><counter type="METHOD" missed="1" covered="0"/></method><method name="updateExportJob" desc="(Lcom/ruoyi/evaluation/domain/ExportJob;)I" line="23"><counter type="INSTRUCTION" missed="5" covered="0"/><counter type="LINE" missed="1" covered="0"/><counter type="COMPLEXITY" missed="1" covered="0"/><counter type="METHOD" missed="1" covered="0"/></method><method name="deleteExportJobByIds" desc="([Ljava/lang/Long;)I" line="25"><counter type="INSTRUCTION" missed="5" covered="0"/><counter type="LINE" missed="1" covered="0"/><counter type="COMPLEXITY" missed="1" covered="0"/><counter type="METHOD" missed="1" covered="0"/></method><method name="deleteExportJobById" desc="(Ljava/lang/Long;)I" line="27"><counter type="INSTRUCTION" missed="5" covered="0"/><counter type="LINE" missed="1" covered="0"/><counter type="COMPLEXITY" missed="1" covered="0"/><counter type="METHOD" missed="1" covered="0"/></method><counter type="INSTRUCTION" missed="33" covered="0"/><counter type="LINE" missed="7" covered="0"/><counter type="COMPLEXITY" missed="7" covered="0"/><counter type="METHOD" missed="7" covered="0"/><counter type="CLASS" missed="1" covered="0"/></class><class name="com/ruoyi/evaluation/service/impl/VoteServiceImpl" sourcefilename="VoteServiceImpl.java"><method name="&lt;init&gt;" desc="()V" line="32"><counter type="INSTRUCTION" missed="0" covered="3"/><counter type="LINE" missed="0" covered="1"/><counter type="COMPLEXITY" missed="0" covered="1"/><counter type="METHOD" missed="0" covered="1"/></method><method name="getEntry" desc="(Ljava/lang/String;Z)Ljava/util/Map;" line="52"><counter type="INSTRUCTION" missed="7" covered="32"/><counter type="BRANCH" missed="3" covered="3"/><counter type="LINE" missed="1" covered="7"/><counter type="COMPLEXITY" missed="2" covered="2"/><counter type="METHOD" missed="0" covered="1"/></method><method name="confirm" desc="(Ljava/lang/String;Lcom/ruoyi/evaluation/domain/VoteConfirmRequest;)Ljava/util/Map;" line="67"><counter type="INSTRUCTION" missed="5" covered="90"/><counter type="BRANCH" missed="5" covered="9"/><counter type="LINE" missed="1" covered="17"/><counter type="COMPLEXITY" missed="5" covered="3"/><counter type="METHOD" missed="0" covered="1"/></method><method name="listCandidates" desc="(Ljava/lang/String;)Ljava/util/List;" line="96"><counter type="INSTRUCTION" missed="0" covered="103"/><counter type="BRANCH" missed="0" covered="2"/><counter type="LINE" missed="0" covered="20"/><counter type="COMPLEXITY" missed="0" covered="2"/><counter type="METHOD" missed="0" covered="1"/></method><method name="submit" desc="(Ljava/lang/String;Lcom/ruoyi/evaluation/domain/VoteSubmitRequest;)Ljava/util/Map;" line="123"><counter type="INSTRUCTION" missed="54" covered="291"/><counter type="BRANCH" missed="16" covered="28"/><counter type="LINE" missed="11" covered="64"/><counter type="COMPLEXITY" missed="16" covered="7"/><counter type="METHOD" missed="0" covered="1"/></method><method name="result" desc="(Ljava/lang/String;)Ljava/util/Map;" line="236"><counter type="INSTRUCTION" missed="10" covered="4"/><counter type="LINE" missed="2" covered="1"/><counter type="COMPLEXITY" missed="0" covered="1"/><counter type="METHOD" missed="0" covered="1"/></method><method name="loadContext" desc="(Ljava/lang/String;)Lcom/ruoyi/evaluation/service/impl/VoteServiceImpl$VoteContext;" line="243"><counter type="INSTRUCTION" missed="15" covered="37"/><counter type="BRANCH" missed="3" covered="5"/><counter type="LINE" missed="3" covered="11"/><counter type="COMPLEXITY" missed="3" covered="2"/><counter type="METHOD" missed="0" covered="1"/></method><method name="buildEntry" desc="(Lcom/ruoyi/evaluation/service/impl/VoteServiceImpl$VoteContext;)Ljava/util/Map;" line="273"><counter type="INSTRUCTION" missed="2" covered="182"/><counter type="BRANCH" missed="1" covered="11"/><counter type="LINE" missed="0" covered="26"/><counter type="COMPLEXITY" missed="1" covered="6"/><counter type="METHOD" missed="0" covered="1"/></method><method name="requireVoteOpen" desc="(Lcom/ruoyi/evaluation/domain/Activity;)V" line="307"><counter type="INSTRUCTION" missed="5" covered="7"/><counter type="BRANCH" missed="1" covered="1"/><counter type="LINE" missed="1" covered="3"/><counter type="COMPLEXITY" missed="1" covered="1"/><counter type="METHOD" missed="0" covered="1"/></method><method name="requireVoterToken" desc="(Lcom/ruoyi/evaluation/service/impl/VoteServiceImpl$VoteContext;)V" line="316"><counter type="INSTRUCTION" missed="0" covered="9"/><counter type="BRANCH" missed="0" covered="2"/><counter type="LINE" missed="0" covered="3"/><counter type="COMPLEXITY" missed="0" covered="2"/><counter type="METHOD" missed="0" covered="1"/></method><method name="unavailableReason" desc="(Lcom/ruoyi/evaluation/domain/Activity;)Ljava/lang/String;" line="324"><counter type="INSTRUCTION" missed="8" covered="41"/><counter type="BRANCH" missed="6" covered="10"/><counter type="LINE" missed="4" covered="8"/><counter type="COMPLEXITY" missed=
[...]
9" mi="0" ci="4" mb="0" cb="0"/><line nr="60" mi="0" ci="3" mb="0" cb="0"/><line nr="61" mi="0" ci="4" mb="0" cb="0"/><line nr="62" mi="0" ci="3" mb="0" cb="0"/><line nr="63" mi="0" ci="4" mb="0" cb="0"/><line nr="64" mi="0" ci="3" mb="0" cb="0"/><line nr="65" mi="0" ci="4" mb="0" cb="0"/><line nr="66" mi="3" ci="0" mb="0" cb="0"/><line nr="67" mi="0" ci="4" mb="0" cb="0"/><line nr="68" mi="3" ci="0" mb="0" cb="0"/><line nr="69" mi="0" ci="4" mb="0" cb="0"/><line nr="70" mi="0" ci="3" mb="0" cb="0"/><line nr="71" mi="0" ci="4" mb="0" cb="0"/><line nr="73" mi="0" ci="3" mb="0" cb="0"/><line nr="74" mi="0" ci="4" mb="0" cb="0"/><line nr="75" mi="0" ci="3" mb="0" cb="0"/><line nr="76" mi="0" ci="4" mb="0" cb="0"/><line nr="77" mi="3" ci="0" mb="0" cb="0"/><line nr="78" mi="4" ci="0" mb="0" cb="0"/><line nr="79" mi="0" ci="3" mb="0" cb="0"/><line nr="80" mi="0" ci="4" mb="0" cb="0"/><line nr="81" mi="0" ci="3" mb="0" cb="0"/><line nr="82" mi="0" ci="4" mb="0" cb="0"/><line nr="83" mi="3" ci="0" mb="0" cb="0"/><line nr="84" mi="4" ci="0" mb="0" cb="0"/><line nr="85" mi="0" ci="3" mb="0" cb="0"/><line nr="86" mi="0" ci="4" mb="0" cb="0"/><line nr="87" mi="0" ci="3" mb="0" cb="0"/><line nr="88" mi="0" ci="4" mb="0" cb="0"/><line nr="89" mi="0" ci="3" mb="0" cb="0"/><line nr="90" mi="0" ci="4" mb="0" cb="0"/><line nr="91" mi="3" ci="0" mb="0" cb="0"/><line nr="92" mi="4" ci="0" mb="0" cb="0"/><line nr="93" mi="0" ci="3" mb="0" cb="0"/><line nr="94" mi="0" ci="4" mb="0" cb="0"/><line nr="95" mi="0" ci="3" mb="0" cb="0"/><line nr="96" mi="0" ci="4" mb="0" cb="0"/><counter type="INSTRUCTION" missed="30" covered="162"/><counter type="LINE" missed="9" covered="46"/><counter type="COMPLEXITY" missed="9" covered="46"/><counter type="METHOD" missed="9" covered="46"/><counter type="CLASS" missed="0" covered="1"/></sourcefile><sourcefile name="Candidate.java"><line nr="9" mi="0" ci="3" mb="0" cb="0"/><line nr="61" mi="0" ci="3" mb="0" cb="0"/><line nr="62" mi="0" ci="4" mb="0" cb="0"/><line nr="63" mi="3" ci="0" mb="0" cb="0"/><line nr="64" mi="4" ci="0" mb="0" cb="0"/><line nr="65" mi="3" ci="0" mb="0" cb="0"/><line nr="66" mi="0" ci="4" mb="0" cb="0"/><line nr="67" mi="3" ci="0" mb="0" cb="0"/><line nr="68" mi="4" ci="0" mb="0" cb="0"/><line nr="69" mi="3" ci="0" mb="0" cb="0"/><line nr="70" mi="4" ci="0" mb="0" cb="0"/><line nr="71" mi="3" ci="0" mb="0" cb="0"/><line nr="72" mi="4" ci="0" mb="0" cb="0"/><line nr="73" mi="0" ci="3" mb="0" cb="0"/><line nr="74" mi="0" ci="4" mb="0" cb="0"/><line nr="75" mi="0" ci="3" mb="0" cb="0"/><line nr="76" mi="0" ci="4" mb="0" cb="0"/><line nr="77" mi="0" ci="3" mb="0" cb="0"/><line nr="78" mi="0" ci="4" mb="0" cb="0"/><line nr="79" mi="0" ci="3" mb="0" cb="0"/><line nr="80" mi="0" ci="4" mb="0" cb="0"/><line nr="81" mi="0" ci="3" mb="0" cb="0"/><line nr="82" mi="0" ci="4" mb="0" cb="0"/><line nr="83" mi="0" ci="3" mb="0" cb="0"/><line nr="84" mi="0" ci="4" mb="0" cb="0"/><line nr="85" mi="0" ci="3" mb="0" cb="0"/><line nr="86" mi="0" ci="4" mb="0" cb="0"/><line nr="87" mi="0" ci="3" mb="0" cb="0"/><line nr="88" mi="0" ci="4" mb="0" cb="0"/><line nr="89" mi="0" ci="3" mb="0" cb="0"/><line nr="90" mi="0" ci="4" mb="0" cb="0"/><line nr="91" mi="0" ci="3" mb="0" cb="0"/><line nr="92" mi="0" ci="4" mb="0" cb="0"/><line nr="93" mi="0" ci="3" mb="0" cb="0"/><line nr="94" mi="0" ci="4" mb="0" cb="0"/><line nr="95" mi="0" ci="3" mb="0" cb="0"/><line nr="96" mi="0" ci="4" mb="0" cb="0"/><line nr="97" mi="0" ci="3" mb="0" cb="0"/><line nr="98" mi="0" ci="4" mb="0" cb="0"/><line nr="99" mi="0" ci="3" mb="0" cb="0"/><line nr="100" mi="0" ci="4" mb="0" cb="0"/><line nr="101" mi="3" ci="0" mb="0" cb="0"/><line nr="102" mi="4" ci="0" mb="0" cb="0"/><line nr="103" mi="0" ci="3" mb="0" cb="0"/><line nr="104" mi="0" ci="4" mb="0" cb="0"/><line nr="105" mi="0" ci="3" mb="0" cb="0"/><line nr="106" mi="0" ci="4" mb="0" cb="0"/><counter type="INSTRUCTION" missed="38" covered="126"/><counter type="LINE" missed="11" covered="36"/><counter type="COMPLEXITY" missed="11" covered="36"/><counter type="METHOD" missed="11" covered="36"/><counter type="CLASS" missed="0" covered="1"/></sourcefile><sourcefile name="SelectionRequest.java"><line nr="6" mi="3" ci="0" mb="0" cb="0"/><line nr="13" mi="3" ci="0" mb="0" cb="0"/><line nr="14" mi="4" ci="0" mb="0" cb="0"/><line nr="15" mi="3" ci="0" mb="0" cb="0"/><line nr="16" mi="4" ci="0" mb="0" cb="0"/><counter type="INSTRUCTION" missed="17" covered="0"/><counter type="LINE" missed="5" covered="0"/><counter type="COMPLEXITY" missed="5" covered="0"/><counter type="METHOD" missed="5" covered="0"/><counter type="CLASS" missed="1" covered="0"/></sourcefile><sourcefile name="ActivityRangeSetting.java"><line nr="5" mi="0" ci="3" mb="0" cb="0"/><line nr="16" mi="3" ci="0" mb="0" cb="0"/><line nr="17" mi="4" ci="0" mb="0" cb="0"/><line nr="18" mi="3" ci="0" mb="0" cb="0"/><line nr="19" mi="0" ci="4" mb="0" cb="0"/><line nr="20" mi="0" ci="3" mb="0" cb="0"/><line nr="21" mi="0" ci="4" mb="0" cb="0"/><line nr="22" mi="0" ci="3" mb="0" cb="0"/><line nr="23" mi="0" ci="4" mb="0" cb="0"/><line nr="24" mi="0" ci="3" mb="0" cb="0"/><line nr="25" mi="0" ci="4" mb="0" cb="0"/><line nr="26" mi="0" ci="3" mb="0" cb="0"/><line nr="27" mi="0" ci="4" mb="0" cb="0"/><counter type="INSTRUCTION" missed="10" covered="35"/><counter type="LINE" missed="3" covered="10"/><counter type="COMPLEXITY" missed="3" covered="10"/><counter type="METHOD" missed="3" covered="10"/><counter type="CLASS" missed="0" covered="1"/></sourcefile><sourcefile name="VoteSubmitRequest.java"><line nr="5" mi="0" ci="3" mb="0" cb="0"/><line nr="10" mi="0" ci="3" mb="0" cb="0"/><line nr="11" mi="0" ci="4" mb="0" cb="0"/><line nr="12" mi="0" ci="3" mb="0" cb="0"/><line nr="13" mi="0" ci="4" mb="0" cb="0"/><counter type="INSTRUCTION" missed="0" covered="17"/><counter type="LINE" missed="0" covered="5"/><counter type="COMPLEXITY" missed="0" covered="5"/><counter type="METHOD" missed="0" covered="5"/><counter type="CLASS" missed="0" covered="1"/></sourcefile><sourcefile name="ExportJob.java"><line nr="7" mi="0" ci="3" mb="0" cb="0"/><line nr="23" mi="3" ci="0" mb="0" cb="0"/><line nr="24" mi="4" ci="0" mb="0" cb="0"/><line nr="25" mi="3" ci="0" mb="0" cb="0"/><line nr="26" mi="0" ci="4" mb="0" cb="0"/><line nr="27" mi="3" ci="0" mb="0" cb="0"/><line nr="28" mi="0" ci="4" mb="0" cb="0"/><line nr="29" mi="3" ci="0" mb="0" cb="0"/><line nr="30" mi="0" ci="4" mb="0" cb="0"/><line nr="31" mi="0" ci="3" mb="0" cb="0"/><line nr="32" mi="0" ci="4" mb="0" cb="0"/><line nr="33" mi="0" ci="3" mb="0" cb="0"/><line nr="34" mi="0" ci="4" mb="0" cb="0"/><line nr="35" mi="3" ci="0" mb="0" cb="0"/><line nr="36" mi="0" ci="4" mb="0" cb="0"/><line nr="37" mi="3" ci="0" mb="0" cb="0"/><line nr="38" mi="0" ci="4" mb="0" cb="0"/><line nr="39" mi="3" ci="0" mb="0" cb="0"/><line nr="40" mi="4" ci="0" mb="0" cb="0"/><line nr="41" mi="3" ci="0" mb="0" cb="0"/><line nr="42" mi="0" ci="4" mb="0" cb="0"/><counter type="INSTRUCTION" missed="32" covered="41"/><counter type="LINE" missed="10" covered="11"/><counter type="COMPLEXITY" missed="10" covered="11"/><counter type="METHOD" missed="10" covered="11"/><counter type="CLASS" missed="0" covered="1"/></sourcefile><sourcefile name="Activity.java"><line nr="8" mi="0" ci="3" mb="0" cb="0"/><line nr="49" mi="0" ci="3" mb="0" cb="0"/><line nr="50" mi="0" ci="4" mb="0" cb="0"/><line nr="51" mi="0" ci="3" mb="0" cb="0"/><line nr="52" mi="0" ci="4" mb="0" cb="0"/><line nr="53" mi="3" ci="0" mb="0" cb="0"/><line nr="54" mi="4" ci="0" mb="0" cb="0"/><line nr="55" mi="0" ci="3" mb="0" cb="0"/><line nr="56" mi="0" ci="4" mb="0" cb="0"/><line nr="57" mi="0" ci="3" mb="0" cb="0"/><line nr="58" mi="0" ci="4" mb="0" cb="0"/><line nr="59" mi="0" ci="3" mb="0" cb="0"/><line nr="60" mi="0" ci="4" mb="0" cb="0"/><line nr="61" mi="0" ci="3" mb="0" cb="0"/><line nr="62" mi="0" ci="4" mb="0" cb="0"/><line nr="63" mi="0" ci="3" mb="0" cb="0"/><line nr="64" mi="0" ci="4" mb="0" cb="0"/><line nr="65" mi="3" ci="0" mb="0" cb="0"/><line nr="66" mi="4" ci="0" mb="0" cb="0"/><line nr="67" mi="3" ci="0" mb="0" cb="0"/><line nr="68" mi="4" ci="0" mb="0" cb="0"/><line nr="69" mi="3" ci="0" mb="0" cb="0"/><line nr="70" mi="4" ci="0" mb="0" cb="0"/><line nr="71" mi="3" ci="0" mb="0" cb="0"/><line nr="72" mi="4" ci="0" mb="0" cb="0"/><line nr="73" mi="3" ci="0" mb="0" cb="0"/><line nr="74" mi="0" ci="4" mb="0" cb="0"/><line nr="75" mi="3" ci="0" mb="0" cb="0"/><line nr="76" mi="4" ci="0" mb="0" cb="0"/><counter type="INSTRUCTION" missed="45" covered="56"/><counter type="LINE" missed="13" covered="16"/><counter type="COMPLEXITY" missed="13" covered="16"/><counter type="METHOD" missed="13" covered="16"/><counter type="CLASS" missed="0" covered="1"/></sourcefile><sourcefile name="VoteSubmitItem.java"><line nr="3" mi="0" ci="3" mb="0" cb="0"/><line nr="8" mi="0" ci="3" mb="0" cb="0"/><line nr="9" mi="0" ci="4" mb="0" cb="0"/><line nr="10" mi="0" ci="3" mb="0" cb="0"/><line nr="11" mi="0" ci="4" mb="0" cb="0"/><counter type="INSTRUCTION" missed="0" covered="17"/><counter type="LINE" missed="0" covered="5"/><counter type="COMPLEXITY" missed="0" covered="5"/><counter type="METHOD" missed="0" covered="5"/><counter type="CLASS" missed="0" covered="1"/></sourcefile><sourcefile name="ActivityVoter.java"><line nr="7" mi="0" ci="3" mb="0" cb="0"/><line nr="26" mi="0" ci="3" mb="0" cb="0"/><line nr="27" mi="0" ci="4" mb="0" cb="0"/><line nr="28" mi="0" ci="3" mb="0" cb="0"/><line nr="29" mi="0" ci="4" mb="0" cb="0"/><line nr="30" mi="0" ci="3" mb="0" cb="0"/><line nr="31" mi="0" ci="4" mb="0" cb="0"/><line nr="32" mi="3" ci="0" mb="0" cb="0"/><line nr="33" mi="0" ci="4" mb="0" cb="0"/><line nr="34" mi="3" ci="0" mb="0" cb="0"/><line nr="35" mi="0" ci="4" mb="0" cb="0"/><line nr="36" mi="3" ci="0" mb="0" cb="0"/><line nr="37" mi="0" ci="4" mb="0" cb="0"/><line nr="38" mi="3" ci="0" mb="0" cb="0"/><line nr="39" mi="0" ci="4" mb="0" cb="0"/><line nr="40" mi="0" ci="3" mb="0" cb="0"/><line nr="41" mi="0" ci="4" mb="0" cb="0"/><line nr="42" mi="0" ci="3" mb="0" cb="0"/><line nr="43" mi="0" ci="4" mb="0" cb="0"/><line nr="44" mi="0" ci="3" mb="0" cb="0"/><line nr="45" mi="0" ci="4" mb="0" cb="0"/><line nr="46" mi="0" ci="3" mb="0" cb="0"/><line nr="47" mi="0" ci="4" mb="0" cb="0"/><line nr="48" mi="0" ci="3" mb="0" cb="0"/><line nr="49" mi="0" ci="4" mb="0" cb="0"/><line nr="50" mi="0" ci="3" mb="0" cb="0"/><line nr="51" mi="4" ci="0" mb="0" cb="0"/><counter type="INSTRUCTION" missed="16" covered="78"/><counter type="LINE" missed="5" covered="22"/><counter type="COMPLEXITY" missed="5" covered="22"/><counter type="METHOD" missed="5" covered="22"/><counter type="CLASS" missed="0" covered="1"/></sourcefile><sourcefile name="Voter.java"><line nr="8" mi="0" ci="3" mb="0" cb="0"/><line nr="32" mi="0" ci="3" mb="0" cb="0"/><line nr="33" mi="0" ci="4" mb="0" cb="0"/><line nr="34" mi="0" ci="3" mb="0" cb="0"/><line nr="35" mi="0" ci="4" mb="0" cb="0"/><line nr="36" mi="0" ci="3" mb="0" cb="0"/><line nr="37" mi="0" ci="4" mb="0" cb="0"/><line nr="38" mi="3" ci="0" mb="0" cb="0"/><line nr="39" mi="4" ci="0" mb="0" cb="0"/><line nr="40" mi="3" ci="0" mb="0" cb="0"/><line nr="41" mi="4" ci="0" mb="0" cb="0"/><line nr="42" mi="3" ci="0" mb="0" cb="0"/><line nr="43" mi="4" ci="0" mb="0" cb="0"/><line nr="44" mi="3" ci="0" mb="0" cb="0"/><line nr="45" mi="4" ci="0" mb="0" cb="0"/><line nr="46" mi="0" ci="3" mb="0" cb="0"/><line nr="47" mi="0" ci="4" mb="0" cb="0"/><line nr="48" mi="0" ci="3" mb="0" cb="0"/><line nr="49" mi="0" ci="4" mb="0" cb="0"/><line nr="50" mi="0" ci="3" mb="0" cb="0"/><line nr="51" mi="0" ci="4" mb="0" cb="0"/><line nr="52" mi="3" ci="0" mb="0" cb="0"/><line nr="53" mi="4" ci="0" mb="0" cb="0"/><line nr="54" mi="3" ci="0" mb="0" cb="0"/><line nr="55" mi="4" ci="0" mb="0" cb="0"/><line nr="56" mi="3" ci="0" mb="0" cb="0"/><line nr="57" mi="4" ci="0" mb="0" cb="0"/><line nr="58" mi="3" ci="0" mb="0" cb="0"/><line nr="59" mi="4" ci="0" mb="0" cb="0"/><counter type="INSTRUCTION" missed="56" covered="45"/><counter type="LINE" missed="16" covered="13"/><counter type="COMPLEXITY" missed="16" covered="13"/><counter type="METHOD" missed="16" covered="13"/><counter type="CLASS" missed="0" covered="1"/></sourcefile><sourcefile name="ImportPreviewResult.java"><line nr="7" mi="0" ci="2" mb="0" cb="0"/><line nr="16" mi="0" ci="5" mb="0" cb="0"/><line nr="17" mi="0" ci="6" mb="0" cb="0"/><line nr="19" mi="3" ci="0" mb="0" cb="0"/><line nr="20" mi="0" ci="4" mb="0" cb="0"/><line nr="21" mi="3" ci="0" mb="0" cb="0"/><line nr="22" mi="0" ci="4" mb="0" cb="0"/><line nr="23" mi="3" ci="0" mb="0" cb="0"/><line nr="24" mi="0" ci="4" mb="0" cb="0"/><line nr="25" mi="0" ci="3" mb="0" cb="0"/><line nr="26" mi="0" ci="4" mb="0" cb="0"/><line nr="27" mi="0" ci="3" mb="0" cb="0"/><line nr="28" mi="0" ci="4" mb="0" cb="0"/><line nr="29" mi="0" ci="3" mb="0" cb="0"/><line nr="30" mi="0" ci="4" mb="0" cb="0"/><line nr="31" mi="0" ci="3" mb="0" cb="0"/><line nr="32" mi="0" ci="4" mb="0" cb="0"/><line nr="33" mi="0" ci="3" mb="0" cb="0"/><line nr="34" mi="4" ci="0" mb="0" cb="0"/><line nr="35" mi="0" ci="3" mb="0" cb="0"/><line nr="36" mi="4" ci="0" mb="0" cb="0"/><line nr="38" mi="0" ci="2" mb="0" cb="0"/><line nr="42" mi="0" ci="5" mb="0" cb="0"/><line nr="43" mi="0" ci="6" mb="0" cb="0"/><line nr="45" mi="3" ci="0" mb="0" cb="0"/><line nr="46" mi="0" ci="4" mb="0" cb="0"/><line nr="47" mi="3" ci="0" mb="0" cb="0"/><line nr="48" mi="0" ci="4" mb="0" cb="0"/><line nr="49" mi="0" ci="3" mb="0" cb="0"/><line nr="50" mi="0" ci="4" mb="0" cb="0"/><line nr="51" mi="0" ci="3" mb="0" cb="0"/><line nr="52" mi="4" ci="0" mb="0" cb="0"/><line nr="62" mi="3" ci="0" mb="0" cb="0"/><line nr="65" mi="0" ci="2" mb="0" cb="0"/><line nr="66" mi="0" ci="3" mb="0" cb="0"/><line nr="67" mi="0" ci="3" mb="0" cb="0"/><line nr="68" mi="0" ci="3" mb="0" cb="0"/><line nr="69" mi="0" ci="3" mb="0" cb="0"/><line nr="70" mi="0" ci="1" mb="0" cb="0"/><line nr="72" mi="0" ci="3" mb="0" cb="0"/><line nr="73" mi="4" ci="0" mb="0" cb="0"/><line nr="74" mi="0" ci="3" mb="0" cb="0"/><line nr="75" mi="4" ci="0" mb="0" cb="0"/><line nr="76" mi="0" ci="3" mb="0" cb="0"/><line nr="77" mi="4" ci="0" mb="0" cb="0"/><line nr="78" mi="0" ci="3" mb="0" cb="0"/><line nr="79" mi="4" ci="0" mb="0" cb="0"/><counter type="INSTRUCTION" missed="46" covered="117"/><counter type="LINE" missed="13" covered="34"/><counter type="COMPLEXITY" missed="13" covered="25"/><counter type="METHOD" missed="13" covered="25"/><counter type="CLASS" missed="0" covered="3"/></sourcefile><sourcefile name="ActivityCreateRequest.java"><line nr="5" mi="3" ci="0" mb="0" cb="0"/><line nr="12" mi="3" ci="0" mb="0" cb="0"/><line nr="13" mi="4" ci="0" mb="0" cb="0"/><line nr="14" mi="3" ci="0" mb="0" cb="0"/><line nr="15" mi="4" ci="0" mb="0" cb="0"/><counter type="INSTRUCTION" missed="17" covered="0"/><counter type="LINE" missed="5" covered="0"/><counter type="COMPLEXITY" missed="5" covered="0"/><counter type="METHOD" missed="5" covered="0"/><counter type="CLASS" missed="1" covered="0"/></sourcefile><sourcefile name="Vote.java"><line nr="7" mi="0" ci="3" mb="0" cb="0"/><line nr="34" mi="3" ci="0" mb="0" cb="0"/><line nr="35" mi="4" ci="0" mb="0" cb="0"/><line nr="36" mi="3" ci="0" mb="0" cb="0"/><line nr="37" mi="0" ci="4" mb="0" cb="0"/><line nr="38" mi="3" ci="0" mb="0" cb="0"/><line nr="39" mi="0" ci="4" mb="0" cb="0"/><line nr="40" mi="0" ci="3" mb="0" cb="0"/><line nr="41" mi="0" ci="4" mb="0" cb="0"/><line nr="42" mi="0" ci="3" mb="0" cb="0"/><line nr="43" mi="0" ci="4" mb="0" cb="0"/><line nr="44" mi="3" ci="0" mb="0" cb="0"/><line nr="45" mi="0" ci="4" mb="0" cb="0"/><line nr="46" mi="0" ci="3" mb="0" cb="0"/><line nr="47" mi="0" ci="4" mb="0" cb="0"/><line nr="48" mi="3" ci="0" mb="0" cb="0"/><line nr="49" mi="4" ci="0" mb="0" cb="0"/><line nr="50" mi="0" ci="3" mb="0" cb="0"/><line nr="51" mi="0" ci="4" mb="0" cb="0"/><line nr="52" mi="0" ci="3" mb="0" cb="0"/><line nr="53" mi="0" ci="4" mb="0" cb="0"/><line nr="54" mi="0" ci="3" mb="0" cb="0"/><line nr="55" mi="4" ci="0" mb="0" cb="0"/><line nr="56" mi="0" ci="3" mb="0" cb="0"/><line nr="57" mi="0" ci="4" mb="0" cb="0"/><line nr="58" mi="0" ci="3" mb="0" cb="0"/><line nr="59" mi="0" ci="4" mb="0" cb="0"/><line nr="60" mi="0" ci="3" mb="0" cb="0"/><line nr="61" mi="0" ci="4" mb="0" cb="0"/><line nr="62" mi="0" ci="3" mb="0" cb="0"/><line nr="63" mi="0" ci="4" mb="0" cb="0"/><line nr="64" mi="0" ci="3" mb="0" cb="0"/><line nr="65" mi="0" ci="4" mb="0" cb="0"/><line nr="66" mi="3" ci="0" mb="0" cb="0"/><line nr="67" mi="4" ci="0" mb="0" cb="0"/><line nr="68" mi="0" ci="3" mb="0" cb="0"/><line nr="69" mi="0" ci="4" mb="0" cb="0"/><line nr="70" mi="0" ci="3" mb="0" cb="0"/><line nr="71" mi="0" ci="4" mb="0" cb="0"/><line nr="72" mi="3" ci="0" mb="0" cb="0"/><line nr="73" mi="4" ci="0" mb="0" cb="0"/><counter type="INSTRUCTION" missed="41" covered="102"/><counter type="LINE" missed="12" covered="29"/><counter type="COMPLEXITY" missed="12" covered="29"/><counter type="METHOD" missed="12" covered="29"/><counter type="CLASS" missed="0" covered="1"/></sourcefile><sourcefile name="RuleConfig.java"><line nr="6" mi="0" ci="3" mb="0" cb="0"/><line nr="16" mi="0" ci="3" mb="0" cb="0"/><line nr="17" mi="0" ci="4" mb="0" cb="0"/><line nr="18" mi="0" ci="3" mb="0" cb="0"/><line nr="19" mi="0" ci="4" mb="0" cb="0"/><line nr="20" mi="0" ci="3" mb="0" cb="0"/><line nr="21" mi="0" ci="4" mb="0" cb="0"/><line nr="22" mi="0" ci="3" mb="0" cb="0"/><line nr="23" mi="0" ci="4" mb="0" cb="0"/><line nr="24" mi="0" ci="3" mb="0" cb="0"/><line nr="25" mi="0" ci="4" mb="0" cb="0"/><counter type="INSTRUCTION" missed="0" covered="38"/><counter type="LINE" missed="0" covered="11"/><counter type="COMPLEXITY" missed="0" covered="11"/><counter type="METHOD" missed="0" covered="11"/><counter type="CLASS" missed="0" covered="1"/></sourcefile><sourcefile name="RangePreviewRow.java"><line nr="6" mi="3" ci="0" mb="0" cb="0"/><line nr="35" mi="3" ci="0" mb="0" cb="0"/><line nr="36" mi="4" ci="0" mb="0" cb="0"/><line nr="37" mi="3" ci="0" mb="0" cb="0"/><line nr="38" mi="4" ci="0" mb="0" cb="0"/><line nr="39" mi="3" ci="0" mb="0" cb="0"/><line nr="40" mi="4" ci="0" mb="0" cb="0"/><line nr="41" mi="3" ci="0" mb="0" cb="0"/><line nr="42" mi="4" ci="0" mb="0" cb="0"/><line nr="43" mi="3" ci="0" mb="0" cb="0"/><line nr="44" mi="4" ci="0" mb="0" cb="0"/><line nr="45" mi="3" ci="0" mb="0" cb="0"/><line nr="46" mi="4" ci="0" mb="0" cb="0"/><line nr="47" mi="3" ci="0" mb="0" cb="0"/><line nr="48" mi="4" ci="0" mb="0" cb="0"/><line nr="49" mi="3" ci="0" mb="0" cb="0"/><line nr="50" mi="4" ci="0" mb="0" cb="0"/><line nr="51" mi="3" ci="0" mb="0" cb="0"/><line nr="52" mi="4" ci="0" mb="0" cb="0"/><line nr="53" mi="3" ci="0" mb="0" cb="0"/><line nr="54" mi="4" ci="0" mb="0" cb="0"/><line nr="55" mi="3" ci="0" mb="0" cb="0"/><line nr="56" mi="4" ci="0" mb="0" cb="0"/><line nr="57" mi="3" ci="0" mb="0" cb="0"/><line nr="58" mi="4" ci="0" mb="0" cb="0"/><line nr="59" mi="3" ci="0" mb="0" cb="0"/><line nr="60" mi="4" ci="0" mb="0" cb="0"/><counter type="INSTRUCTION" missed="94" covered="0"/><counter type="LINE" missed="27" covered="0"/><counter type="COMPLEXITY" missed="27" covered="0"/><counter type="METHOD" missed="27" covered="0"/><counter type="CLASS" missed="1" covered="0"/></sourcefile><counter type="INSTRUCTION" missed="550" covered="1092"/><counter type="LINE" missed="161" covered="311"/><counter type="COMPLEXITY" missed="161" covered="302"/><counter type="METHOD" missed="161" covered="302"/><counter type="CLASS" missed="3" covered="17"/></package><counter type="INSTRUCTION" missed="8539" covered="11232"/><counter type="BRANCH" missed="934" covered="750"/><counter type="LINE" missed="1867" covered="2196"/><counter type="COMPLEXITY" missed="1230" covered="762"/><counter type="METHOD" missed="594" covered="556"/><counter type="CLASS" missed="30" covered="30"/></report>